2024-11-18 18:14:53.878 | INFO     | __main__:generate_test_cases:62 - start generate
2025-01-15 16:46:51.002 | INFO     | __main__:chat:37 - Time taken by api: 2.12 seconds
2025-01-15 16:47:29.629 | INFO     | __main__:chat:37 - Time taken by api: 1.87 seconds
2025-01-15 17:26:40.772 | INFO     | __main__:generate_test_cases:62 - start generate
2025-01-15 17:27:43.180 | INFO     | __main__:generate_test_cases:62 - start generate
2025-01-15 17:28:02.222 | INFO     | __main__:chat:37 - Time taken by api: 19.04 seconds
2025-01-15 17:28:02.223 | INFO     | __main__:generate_test_cases:82 - 测试需求：### 测试需求分析

为了确保程序能够正确处理各种情况，我们需要生成一系列测试数据来覆盖不同的边界条件、特殊情况以及一般情况。以下是针对该题目的测试需求总结：

1. **地毯数量的边界条件**：
   - 最小数量的地毯：`n = 0`，即没有地毯铺设。
   - 最大数量的地毯：`n = 10^4`，即题目中规定的最大值。
   - 中间数量的地毯：`n = 1` 和 `n = 2`，分别对应题目中提到的 30% 和 50% 的数据范围。

2. **地毯的尺寸和位置**：
   - 地毯的尺寸为最小值：`g = 0` 或 `k = 0`，即地毯在某个方向上没有长度。
   - 地毯的尺寸为最大值：`g = 10^5` 或 `k = 10^5`，即地毯在某个方向上达到最大长度。
   - 地毯的位置在边界上：`a = 0` 或 `b = 0`，即地毯的左下角位于坐标轴的原点。
   - 地毯的位置在最大范围内：`a = 10^5` 或 `b = 10^5`，即地毯的左下角位于坐标轴的最大值。

3. **地毯的覆盖情况**：
   - 地毯完全覆盖目标点：目标点位于某张地毯的内部。
   - 地毯部分覆盖目标点：目标点位于某张地毯的边界上。
   - 地毯完全不覆盖目标点：目标点位于所有地毯的外部。
   - 多张地毯重叠覆盖目标点：目标点被多张地毯覆盖，确保程序能正确输出最上面的地毯编号。

4. **特殊的地毯排列**：
   - 地毯完全重叠：多张地毯的左下角和尺寸完全相同，确保程序能正确处理重叠情况。
   - 地毯部分重叠：多张地毯在某个区域重叠，确保程序能正确处理部分重叠的情况。
   - 地毯完全不重叠：所有地毯之间没有任何重叠，确保程序能正确处理不重叠的情况。

5. **目标点的位置**：
   - 目标点位于坐标原点：`(x, y) = (0, 0)`。
   - 目标点位于坐标轴的最大值：`(x, y) = (10^5, 10^5)`。
   - 目标点位于某张地毯的边界上：确保程序能正确处理边界点的情况。
   - 目标点位于所有地毯的外部：确保程序能正确输出 `-1`。

6. **极端情况**：
   - 所有地毯的尺寸为 `0`：即所有地毯在某个方向上没有长度，确保程序能正确处理这种情况。
   - 所有地毯的左下角位于同一位置：确保程序能正确处理这种情况。

### 测试数据生成策略

基于上述测试需求，我们可以生成以下类型的测试数据：

1. **最小规模测试**：
   - `n = 0`，目标点位于任意位置，确保输出为 `-1`。
   - `n = 1`，目标点位于地毯内部、边界和外部，确保程序能正确处理单张地毯的情况。

2. **中等规模测试**：
   - `n = 2`，目标点位于两张地毯的重叠区域、非重叠区域以及外部，确保程序能正确处理两张地毯的情况。

3. **最大规模测试**：
   - `n = 10^4`，目标点位于多张地毯的重叠区域、非重叠区域以及外部，确保程序能处理大规模数据。

4. **特殊排列测试**：
   - 多张地毯完全重叠，目标点位于重叠区域，确保程序能正确输出最上面的地毯编号。
   - 多张地毯部分重叠，目标点位于重叠区域，确保程序能正确处理部分重叠的情况。
   - 多张地毯完全不重叠，目标点位于某张地毯内部，确保程序能正确处理不重叠的情况。

5. **边界条件测试**：
   - 目标点位于坐标原点或最大值，确保程序能正确处理边界点的情况。
   - 地毯的尺寸为 `0`，确保程序能正确处理这种情况。

通过生成这些测试数据，可以有效地验证程序的正确性和鲁棒性。
2025-01-15 17:46:28.626 | INFO     | __main__:generate_test_cases:62 - start generate
2025-01-15 17:47:00.929 | INFO     | __main__:chat:37 - Time taken by api: 32.30 seconds
2025-01-15 17:47:00.930 | INFO     | __main__:generate_test_cases:82 - 测试需求：### 测试需求分析

为了确保程序能够正确处理各种情况，我们需要生成覆盖以下测试需求的测试数据：

1. **边界条件测试**：
   - **最小输入规模**：`n = 0`，即没有地毯铺设，检查程序是否能正确处理这种情况并输出 `-1`。
   - **最小地毯数量**：`n = 1`，只有一张地毯，检查程序是否能正确识别覆盖点的情况。
   - **最大输入规模**：`n = 10^4`，检查程序是否能处理最大规模的数据。

2. **地毯覆盖情况测试**：
   - **点在地毯边界上**：检查程序是否能正确处理点在地毯边界上的情况。
   - **点在地毯顶点上**：检查程序是否能正确处理点在地毯顶点上的情况。
   - **点被多层地毯覆盖**：检查程序是否能正确识别最上层的地毯。
   - **点未被任何地毯覆盖**：检查程序是否能正确输出 `-1`。

3. **地毯重叠情况测试**：
   - **地毯完全重叠**：多张地毯完全重叠，检查程序是否能正确识别最上层的地毯。
   - **地毯部分重叠**：多张地毯部分重叠，检查程序是否能正确识别最上层的地毯。
   - **地毯不重叠**：多张地毯不重叠，检查程序是否能正确识别覆盖点的情况。

4. **特殊形状地毯测试**：
   - **地毯为点**：地毯的 `g` 和 `k` 都为 `0`，即地毯只是一个点，检查程序是否能正确处理这种情况。
   - **地毯为线**：地毯的 `g` 或 `k` 为 `0`，即地毯是一条线，检查程序是否能正确处理这种情况。

5. **坐标范围测试**：
   - **最小坐标**：`a, b, g, k = 0`，检查程序是否能正确处理最小坐标值。
   - **最大坐标**：`a, b, g, k = 10^5`，检查程序是否能正确处理最大坐标值。

6. **随机数据测试**：
   - **随机生成的地毯和点**：生成随机的地毯和点，检查程序是否能正确处理各种随机情况。

### 测试数据生成策略

1. **边界条件测试数据**：
   - `n = 0`，`x = 1`，`y = 1`。
   - `n = 1`，`a = 0`，`b = 0`，`g = 1`，`k = 1`，`x = 0`，`y = 0`。
   - `n = 10^4`，生成 `10^4` 张地毯，每张地毯的 `a, b, g, k` 随机生成，`x` 和 `y` 随机生成。

2. **地毯覆盖情况测试数据**：
   - 点在地毯边界上：`n = 2`，`a1 = 0`，`b1 = 0`，`g1 = 2`，`k1 = 2`，`a2 = 1`，`b2 = 1`，`g2 = 2`，`k2 = 2`，`x = 1`，`y = 1`。
   - 点在地毯顶点上：`n = 2`，`a1 = 0`，`b1 = 0`，`g1 = 2`，`k1 = 2`，`a2 = 1`，`b2 = 1`，`g2 = 2`，`k2 = 2`，`x = 2`，`y = 2`。
   - 点被多层地毯覆盖：`n = 3`，`a1 = 0`，`b1 = 0`，`g1 = 3`，`k1 = 3`，`a2 = 1`，`b2 = 1`，`g2 = 2`，`k2 = 2`，`a3 = 2`，`b3 = 2`，`g3 = 1`，`k3 = 1`，`x = 1`，`y = 1`。
   - 点未被任何地毯覆盖：`n = 2`，`a1 = 0`，`b1 = 0`，`g1 = 1`，`k1 = 1`，`a2 = 2`，`b2 = 2`，`g2 = 1`，`k2 = 1`，`x = 1`，`y = 1`。

3. **地毯重叠情况测试数据**：
   - 地毯完全重叠：`n = 2`，`a1 = 0`，`b1 = 0`，`g1 = 2`，`k1 = 2`，`a2 = 0`，`b2 = 0`，`g2 = 2`，`k2 = 2`，`x = 1`，`y = 1`。
   - 地毯部分重叠：`n = 2`，`a1 = 0`，`b1 = 0`，`g1 = 2`，`k1 = 2`，`a2 = 1`，`b2 = 1`，`g2 = 2`，`k2 = 2`，`x = 1`，`y = 1`。
   - 地毯不重叠：`n = 2`，`a1 = 0`，`b1 = 0`，`g1 = 1`，`k1 = 1`，`a2 = 2`，`b2 = 2`，`g2 = 1`，`k2 = 1`，`x = 1`，`y = 1`。

4. **特殊形状地毯测试数据**：
   - 地毯为点：`n = 1`，`a = 0`，`b = 0`，`g = 0`，`k = 0`，`x = 0`，`y = 0`。
   - 地毯为线：`n = 1`，`a = 0`，`b = 0`，`g = 0`，`k = 1`，`x = 0`，`y = 0`。

5. **坐标范围测试数据**：
   - 最小坐标：`n = 1`，`a = 0`，`b = 0`，`g = 0`，`k = 0`，`x = 0`，`y = 0`。
   - 最大坐标：`n = 1`，`a = 10^5`，`b = 10^5`，`g = 10^5`，`k = 10^5`，`x = 10^5`，`y = 10^5`。

6. **随机数据测试数据**：
   - 随机生成 `n` 张地毯，每张地毯的 `a, b, g, k` 随机生成，`x` 和 `y` 随机生成。

通过以上测试需求的覆盖，可以确保程序在各种情况下都能正确运行。
2025-01-15 17:47:26.384 | INFO     | __main__:chat:37 - Time taken by api: 25.45 seconds
2025-01-15 17:47:26.388 | INFO     | __main__:generate_test_cases:102 - 构造方案：====================
以下是测试数据的构造方案：

1. **最小输入规模**：
   - `n = 0`，`x = 1`，`y = 1`。
   - 预期输出：`-1`。

2. **最小地毯数量**：
   - `n = 1`，`a = 0`，`b = 0`，`g = 1`，`k = 1`，`x = 0`，`y = 0`。
   - 预期输出：`1`。

3. **最大输入规模**：
   - `n = 10^4`，生成 `10^4` 张地毯，每张地毯的 `a, b, g, k` 随机生成，`x` 和 `y` 随机生成。
   - 预期输出：根据随机生成的地毯和点，输出最上层的地毯编号或 `-1`。

4. **点在地毯边界上**：
   - `n = 2`，`a1 = 0`，`b1 = 0`，`g1 = 2`，`k1 = 2`，`a2 = 1`，`b2 = 1`，`g2 = 2`，`k2 = 2`，`x = 1`，`y = 1`。
   - 预期输出：`2`。

5. **点在地毯顶点上**：
   - `n = 2`，`a1 = 0`，`b1 = 0`，`g1 = 2`，`k1 = 2`，`a2 = 1`，`b2 = 1`，`g2 = 2`，`k2 = 2`，`x = 2`，`y = 2`。
   - 预期输出：`2`。

6. **点被多层地毯覆盖**：
   - `n = 3`，`a1 = 0`，`b1 = 0`，`g1 = 3`，`k1 = 3`，`a2 = 1`，`b2 = 1`，`g2 = 2`，`k2 = 2`，`a3 = 2`，`b3 = 2`，`g3 = 1`，`k3 = 1`，`x = 1`，`y = 1`。
   - 预期输出：`3`。

7. **点未被任何地毯覆盖**：
   - `n = 2`，`a1 = 0`，`b1 = 0`，`g1 = 1`，`k1 = 1`，`a2 = 2`，`b2 = 2`，`g2 = 1`，`k2 = 1`，`x = 1`，`y = 1`。
   - 预期输出：`-1`。

8. **地毯完全重叠**：
   - `n = 2`，`a1 = 0`，`b1 = 0`，`g1 = 2`，`k1 = 2`，`a2 = 0`，`b2 = 0`，`g2 = 2`，`k2 = 2`，`x = 1`，`y = 1`。
   - 预期输出：`2`。

9. **地毯部分重叠**：
   - `n = 2`，`a1 = 0`，`b1 = 0`，`g1 = 2`，`k1 = 2`，`a2 = 1`，`b2 = 1`，`g2 = 2`，`k2 = 2`，`x = 1`，`y = 1`。
   - 预期输出：`2`。

10. **地毯不重叠**：
    - `n = 2`，`a1 = 0`，`b1 = 0`，`g1 = 1`，`k1 = 1`，`a2 = 2`，`b2 = 2`，`g2 = 1`，`k2 = 1`，`x = 1`，`y = 1`。
    - 预期输出：`-1`。

11. **地毯为点**：
    - `n = 1`，`a = 0`，`b = 0`，`g = 0`，`k = 0`，`x = 0`，`y = 0`。
    - 预期输出：`1`。

12. **地毯为线**：
    - `n = 1`，`a = 0`，`b = 0`，`g = 0`，`k = 1`，`x = 0`，`y = 0`。
    - 预期输出：`1`。

13. **最小坐标**：
    - `n = 1`，`a = 0`，`b = 0`，`g = 0`，`k = 0`，`x = 0`，`y = 0`。
    - 预期输出：`1`。

14. **最大坐标**：
    - `n = 1`，`a = 10^5`，`b = 10^5`，`g = 10^5`，`k = 10^5`，`x = 10^5`，`y = 10^5`。
    - 预期输出：`1`。

15. **随机数据**：
    - 随机生成 `n` 张地毯，每张地毯的 `a, b, g, k` 随机生成，`x` 和 `y` 随机生成。
    - 预期输出：根据随机生成的地毯和点，输出最上层的地毯编号或 `-1`。

====================

这些测试数据构造方案覆盖了各种边界条件、特殊情况以及随机情况，能够有效验证程序的正确性和鲁棒性。
2025-01-15 17:48:53.642 | INFO     | __main__:generate_test_cases:62 - start generate
2025-01-15 17:49:07.085 | INFO     | __main__:chat:37 - Time taken by api: 13.44 seconds
2025-01-15 17:49:07.086 | INFO     | __main__:generate_test_cases:82 - 测试需求：### 测试需求分析

为了确保程序能够正确处理各种情况，我们需要生成一系列测试数据来覆盖不同的边界条件、特殊情况以及一般情况。以下是针对“铺地毯”问题的测试需求总结：

#### 1. 边界条件
- **最小输入规模**：`n = 0`，即没有地毯。此时，任何查询点都应返回 `-1`。
- **最大输入规模**：`n = 10^4`，即地毯数量达到题目规定的最大值。确保程序能够处理大规模输入。
- **地毯尺寸为0**：某些地毯的 `g` 或 `k` 为0，即地毯在某个方向上没有长度。这种情况下，地毯实际上是一个点或一条线。
- **查询点在边界上**：查询点位于某张地毯的边界或顶点上，确保程序能够正确处理边界情况。

#### 2. 特殊情况
- **单张地毯**：`n = 1`，即只有一张地毯。确保程序能够正确处理单张地毯的情况。
- **地毯完全重叠**：多张地毯完全重叠，确保程序能够正确返回最上面的地毯编号。
- **地毯部分重叠**：多张地毯部分重叠，确保程序能够正确处理重叠区域。
- **地毯不重叠**：多张地毯完全不重叠，确保程序能够正确处理不重叠的情况。
- **查询点不在任何地毯上**：确保程序能够正确返回 `-1`。

#### 3. 一般情况
- **随机生成的地毯**：生成随机的地毯位置和尺寸，确保程序能够处理一般情况。
- **地毯覆盖整个区域**：某些地毯覆盖整个查询区域，确保程序能够正确处理大面积覆盖的情况。
- **地毯覆盖部分区域**：某些地毯只覆盖部分区域，确保程序能够正确处理部分覆盖的情况。

#### 4. 极端情况
- **地毯尺寸极大**：某些地毯的 `g` 或 `k` 达到最大值 `10^5`，确保程序能够处理极大尺寸的地毯。
- **查询点位于坐标原点**：查询点为 `(0, 0)`，确保程序能够正确处理坐标原点的情况。
- **查询点位于坐标轴边界**：查询点位于 `x` 轴或 `y` 轴的边界上，确保程序能够正确处理坐标轴边界的情况。

### 测试数据生成策略
- **小规模数据**：生成 `n` 较小的数据（如 `n = 1, 2, 3`），覆盖单张地毯、两张地毯、三张地毯的情况。
- **中等规模数据**：生成 `n` 适中的数据（如 `n = 100, 500`），覆盖一般情况下的地毯铺设。
- **大规模数据**：生成 `n` 较大的数据（如 `n = 10^4`），确保程序能够处理大规模输入。
- **特殊数据**：生成包含边界条件、特殊情况的数据，确保程序能够正确处理这些情况。

### 总结
通过生成上述测试数据，可以全面覆盖“铺地毯”问题的各种情况，确保程序在不同输入下都能正确运行并返回正确的结果。
2025-01-15 17:50:17.105 | INFO     | __main__:chat:37 - Time taken by api: 70.01 seconds
2025-01-15 17:50:17.105 | INFO     | __main__:generate_test_cases:102 - 构造方案：以下是针对“铺地毯”问题的50条测试数据构造方案。每条方案都旨在覆盖不同的测试需求，包括边界条件、特殊情况和一般情况。

=========================
方案1：
- 构造一个没有地毯的情况，即 `n = 0`。
- 查询点可以是任意点，如 `(0, 0)` 或 `(100, 100)`。
- 预期输出：`-1`。

=========================
方案2：
- 构造一个只有一张地毯的情况，即 `n = 1`。
- 地毯信息为 `(0, 0, 10, 10)`。
- 查询点为 `(5, 5)`。
- 预期输出：`1`。

=========================
方案3：
- 构造一个只有一张地毯的情况，即 `n = 1`。
- 地毯信息为 `(0, 0, 10, 10)`。
- 查询点为 `(15, 15)`。
- 预期输出：`-1`。

=========================
方案4：
- 构造两张完全重叠的地毯，即 `n = 2`。
- 地毯信息分别为 `(0, 0, 10, 10)` 和 `(0, 0, 10, 10)`。
- 查询点为 `(5, 5)`。
- 预期输出：`2`。

=========================
方案5：
- 构造两张部分重叠的地毯，即 `n = 2`。
- 地毯信息分别为 `(0, 0, 10, 10)` 和 `(5, 5, 10, 10)`。
- 查询点为 `(7, 7)`。
- 预期输出：`2`。

=========================
方案6：
- 构造两张不重叠的地毯，即 `n = 2`。
- 地毯信息分别为 `(0, 0, 10, 10)` 和 `(20, 20, 10, 10)`。
- 查询点为 `(5, 5)`。
- 预期输出：`1`。

=========================
方案7：
- 构造三张地毯，其中两张完全重叠，第三张不重叠，即 `n = 3`。
- 地毯信息分别为 `(0, 0, 10, 10)`、`(0, 0, 10, 10)` 和 `(20, 20, 10, 10)`。
- 查询点为 `(5, 5)`。
- 预期输出：`2`。

=========================
方案8：
- 构造三张地毯，其中两张部分重叠，第三张不重叠，即 `n = 3`。
- 地毯信息分别为 `(0, 0, 10, 10)`、`(5, 5, 10, 10)` 和 `(20, 20, 10, 10)`。
- 查询点为 `(7, 7)`。
- 预期输出：`2`。

=========================
方案9：
- 构造三张地毯，其中两张部分重叠，第三张不重叠，即 `n = 3`。
- 地毯信息分别为 `(0, 0, 10, 10)`、`(5, 5, 10, 10)` 和 `(20, 20, 10, 10)`。
- 查询点为 `(25, 25)`。
- 预期输出：`-1`。

=========================
方案10：
- 构造一个地毯尺寸为0的情况，即 `n = 1`。
- 地毯信息为 `(0, 0, 0, 0)`。
- 查询点为 `(0, 0)`。
- 预期输出：`1`。

=========================
方案11：
- 构造一个地毯尺寸为0的情况，即 `n = 1`。
- 地毯信息为 `(0, 0, 0, 0)`。
- 查询点为 `(1, 1)`。
- 预期输出：`-1`。

=========================
方案12：
- 构造一个地毯尺寸为0的情况，即 `n = 2`。
- 地毯信息分别为 `(0, 0, 0, 0)` 和 `(0, 0, 10, 10)`。
- 查询点为 `(0, 0)`。
- 预期输出：`2`。

=========================
方案13：
- 构造一个地毯尺寸为0的情况，即 `n = 2`。
- 地毯信息分别为 `(0, 0, 0, 0)` 和 `(0, 0, 10, 10)`。
- 查询点为 `(5, 5)`。
- 预期输出：`2`。

=========================
方案14：
- 构造一个地毯尺寸为0的情况，即 `n = 2`。
- 地毯信息分别为 `(0, 0, 0, 0)` 和 `(0, 0, 10, 10)`。
- 查询点为 `(15, 15)`。
- 预期输出：`-1`。

=========================
方案15：
- 构造一个查询点位于地毯边界的情况，即 `n = 1`。
- 地毯信息为 `(0, 0, 10, 10)`。
- 查询点为 `(10, 10)`。
- 预期输出：`1`。

=========================
方案16：
- 构造一个查询点位于地毯边界的情况，即 `n = 1`。
- 地毯信息为 `(0, 0, 10, 10)`。
- 查询点为 `(0, 0)`。
- 预期输出：`1`。

=========================
方案17：
- 构造一个查询点位于地毯边界的情况，即 `n = 1`。
- 地毯信息为 `(0, 0, 10, 10)`。
- 查询点为 `(10, 0)`。
- 预期输出：`1`。

=========================
方案18：
- 构造一个查询点位于地毯边界的情况，即 `n = 1`。
- 地毯信息为 `(0, 0, 10, 10)`。
- 查询点为 `(0, 10)`。
- 预期输出：`1`。

=========================
方案19：
- 构造一个查询点位于地毯边界的情况，即 `n = 2`。
- 地毯信息分别为 `(0, 0, 10, 10)` 和 `(5, 5, 10, 10)`。
- 查询点为 `(10, 10)`。
- 预期输出：`2`。

=========================
方案20：
- 构造一个查询点位于地毯边界的情况，即 `n = 2`。
- 地毯信息分别为 `(0, 0, 10, 10)` 和 `(5, 5, 10, 10)`。
- 查询点为 `(5, 5)`。
- 预期输出：`2`。

=========================
方案21：
- 构造一个查询点位于地毯边界的情况，即 `n = 2`。
- 地毯信息分别为 `(0, 0, 10, 10)` 和 `(5, 5, 10, 10)`。
- 查询点为 `(15, 15)`。
- 预期输出：`2`。

=========================
方案22：
- 构造一个查询点位于地毯边界的情况，即 `n = 2`。
- 地毯信息分别为 `(0, 0, 10, 10)` 和 `(5, 5, 10, 10)`。
- 查询点为 `(20, 20)`。
- 预期输出：`-1`。

=========================
方案23：
- 构造一个查询点位于坐标原点的情况，即 `n = 1`。
- 地毯信息为 `(0, 0, 10, 10)`。
- 查询点为 `(0, 0)`。
- 预期输出：`1`。

=========================
方案24：
- 构造一个查询点位于坐标原点的情况，即 `n = 1`。
- 地毯信息为 `(0, 0, 10, 10)`。
- 查询点为 `(1, 1)`。
- 预期输出：`1`。

=========================
方案25：
- 构造一个查询点位于坐标原点的情况，即 `n = 1`。
- 地毯信息为 `(0, 0, 10, 10)`。
- 查询点为 `(10, 10)`。
- 预期输出：`1`。

=========================
方案26：
- 构造一个查询点位于坐标原点的情况，即 `n = 1`。
- 地毯信息为 `(0, 0, 10, 10)`。
- 查询点为 `(15, 15)`。
- 预期输出：`-1`。

=========================
方案27：
- 构造一个查询点位于坐标轴边界的情况，即 `n = 1`。
- 地毯信息为 `(0, 0, 10, 10)`。
- 查询点为 `(0, 5)`。
- 预期输出：`1`。

=========================
方案28：
- 构造一个查询点位于坐标轴边界的情况，即 `n = 1`。
- 地毯信息为 `(0, 0, 10, 10)`。
- 查询点为 `(5, 0)`。
- 预期输出：`1`。

=========================
方案29：
- 构造一个查询点位于坐标轴边界的情况，即 `n = 1`。
- 地毯信息为 `(0, 0, 10, 10)`。
- 查询点为 `(10, 5)`。
- 预期输出：`1`。

=========================
方案30：
- 构造一个查询点位于坐标轴边界的情况，即 `n = 1`。
- 地毯信息为 `(0, 0, 10, 10)`。
- 查询点为 `(5, 10)`。
- 预期输出：`1`。

=========================
方案31：
- 构造一个查询点位于坐标轴边界的情况，即 `n = 2`。
- 地毯信息分别为 `(0, 0, 10, 10)` 和 `(5, 5, 10, 10)`。
- 查询点为 `(0, 5)`。
- 预期输出：`2`。

=========================
方案32：
- 构造一个查询点位于坐标轴边界的情况，即 `n = 2`。
- 地毯信息分别为 `(0, 0, 10, 10)` 和 `(5, 5, 10, 10)`。
- 查询点为 `(5, 0)`。
- 预期输出：`2`。

=========================
方案33：
- 构造一个查询点位于坐标轴边界的情况，即 `n = 2`。
- 地毯信息分别为 `(0, 0, 10, 10)` 和 `(5, 5, 10, 10)`。
- 查询点为 `(10, 5)`。
- 预期输出：`2`。

=========================
方案34：
- 构造一个查询点位于坐标轴边界的情况，即 `n = 2`。
- 地毯信息分别为 `(0, 0, 10, 10)` 和 `(5, 5, 10, 10)`。
- 查询点为 `(5, 10)`。
- 预期输出：`2`。

=========================
方案35：
- 构造一个查询点位于坐标轴边界的情况，即 `n = 2`。
- 地毯信息分别为 `(0, 0, 10, 10)` 和 `(5, 5, 10, 10)`。
- 查询点为 `(15, 15)`。
- 预期输出：`2`。

=========================
方案36：
- 构造一个查询点位于坐标轴边界的情况，即 `n = 2`。
- 地毯信息分别为 `(0, 0, 10, 10)` 和 `(5, 5, 10, 10)`。
- 查询点为 `(20, 20)`。
- 预期输出：`-1`。

=========================
方案37：
- 构造一个地毯尺寸极大的情况，即 `n = 1`。
- 地毯信息为 `(0, 0, 10^5, 10^5)`。
- 查询点为 `(50000, 50000)`。
- 预期输出：`1`。

=========================
方案38：
- 构造一个地毯尺寸极大的情况，即 `n = 1`。
- 地毯信息为 `(0, 0, 10^5, 10^5)`。
- 查询点为 `(10^5, 10^5)`。
- 预期输出：`1`。

=========================
方案39：
- 构造一个地毯尺寸极大的情况，即 `n = 1`。
- 地毯信息为 `(0, 0, 10^5, 10^5)`。
- 查询点为 `(10^5 + 1, 10^5 + 1)`。
- 预期输出：`-1`。

=========================
方案40：
- 构造一个地毯尺寸极大的情况，即 `n = 2`。
- 地毯信息分别为 `(0, 0, 10^5, 10^5)` 和 `(50000, 50000, 10^5, 10^5)`。
- 查询点为 `(50000, 50000)`。
- 预期输出：`2`。

=========================
方案41：
- 构造一个地毯尺寸极大的情况，即 `n = 2`。
- 地毯信息分别为 `(0, 0, 10^5, 10^5)` 和 `(50000, 50000, 10^5, 10^5)`。
- 查询点为 `(10^5, 10^5)`。
- 预期输出：`2`。

=========================
方案42：
- 构造一个地毯尺寸极大的情况，即 `n = 2`。
- 地毯信息分别为 `(0, 0, 10^5, 10^5)` 和 `(50000, 50000, 10^5, 10^5)`。
- 查询点为 `(10^5 + 1, 10^5 + 1)`。
- 预期输出：`-1`。

=========================
方案43：
- 构造一个地毯覆盖整个区域的情况，即 `n = 1`。
- 地毯信息为 `(0, 0, 10^5, 10^5)`。
- 查询点为 `(50000, 50000)`。
- 预期输出：`1`。

=========================
方案44：
- 构造一个地毯覆盖整个区域的情况，即 `n = 1`。
- 地毯信息为 `(0, 0, 10^5, 10^5)`。
- 查询点为 `(10^5, 10^5)`。
- 预期输出：`1`。

=========================
方案45：
- 构造一个地毯覆盖整个区域的情况，即 `n = 1`。
- 地毯信息为 `(0, 0, 10^5, 10^5)`。
- 查询点为 `(10^5 + 1, 10^5 + 1)`。
- 预期输出：`-1`。

=========================
方案46：
- 构造一个地毯覆盖部分区域的情况，即 `n = 1`。
- 地毯信息为 `(0, 0, 50000, 50000)`。
- 查询点为 `(25000, 25000)`。
- 预期输出：`1`。

=========================
方案47：
- 构造一个地毯覆盖部分区域的情况，即 `n = 1`。
- 地毯信息为 `(0, 0, 50000, 50000)`。
- 查询点为 `(50000, 50000)`。
- 预期输出：`1`。

=========================
方案48：
- 构造一个地毯覆盖部分区域的情况，即 `n = 1`。
- 地毯信息为 `(0, 0, 50000, 50000)`。
- 查询点为 `(50001, 50001)`。
- 预期输出：`-1`。

=========================
方案49：
- 构造一个随机生成的地毯情况，即 `n = 100`。
- 地毯信息随机生成，范围为 `0 <= a, b, g, k <= 100`。
- 查询点随机生成，范围为 `0 <= x, y <= 100`。
- 预期输出：根据实际情况判断。

=========================
方案50：
- 构造一个随机生成的地毯情况，即 `n = 10^4`。
- 地毯信息随机生成，范围为 `0 <= a, b, g, k <= 10^5`。
- 查询点随机生成，范围为 `0 <= x, y <= 10^5`。
- 预期输出：根据实际情况判断。

=========================

这些方案覆盖了从最小规模到最大规模的各种情况，包括边界条件、特殊情况和一般情况。通过这些测试数据，可以全面验证程序的正确性和鲁棒性。
2025-01-15 17:51:37.803 | INFO     | __main__:generate_test_cases:62 - start generate
2025-01-15 17:51:51.792 | INFO     | __main__:chat:37 - Time taken by api: 13.99 seconds
2025-01-15 17:51:51.793 | INFO     | __main__:generate_test_cases:82 - 测试需求：### 测试需求分析

为了确保程序能够正确处理各种情况，我们需要生成一系列测试数据来覆盖不同的边界条件、特殊情况以及一般情况。以下是针对“铺地毯”问题的测试需求总结：

1. **地毯数量的边界条件**：
   - 最小数量的地毯（`n = 0`）：没有地毯铺设，检查程序是否能正确处理这种情况并输出 `-1`。
   - 最大数量的地毯（`n = 10^4`）：测试程序在处理大量地毯时的性能，确保不会超时或内存溢出。

2. **地毯坐标和尺寸的边界条件**：
   - 最小坐标和尺寸（`a = 0, b = 0, g = 0, k = 0`）：检查程序是否能正确处理尺寸为0的地毯（即地毯不存在）。
   - 最大坐标和尺寸（`a = 10^5, b = 10^5, g = 10^5, k = 10^5`）：测试程序在处理最大尺寸地毯时的性能。

3. **地毯覆盖的特殊情况**：
   - 地毯完全重叠：多个地毯的坐标和尺寸完全相同，检查程序是否能正确输出最上面的地毯编号。
   - 地毯部分重叠：多个地毯的覆盖区域有部分重叠，检查程序是否能正确输出最上面的地毯编号。
   - 地毯不重叠：多个地毯的覆盖区域完全不重叠，检查程序是否能正确输出覆盖点的地毯编号或 `-1`。

4. **查询点的边界条件**：
   - 查询点在地毯的边界上：检查程序是否能正确处理边界上的点（包括四个顶点）。
   - 查询点在地毯的角落：检查程序是否能正确处理角落上的点。
   - 查询点不在任何地毯上：检查程序是否能正确输出 `-1`。

5. **地毯覆盖的复杂情况**：
   - 地毯覆盖区域形成一个复杂的重叠模式：多个地毯的覆盖区域形成复杂的重叠，检查程序是否能正确输出最上面的地毯编号。
   - 地毯覆盖区域形成一个树状结构：多个地毯的覆盖区域形成树状结构，检查程序是否能正确输出最上面的地毯编号。

6. **地毯覆盖的特殊形状**：
   - 地毯覆盖区域形成一个矩形网格：多个地毯的覆盖区域形成一个矩形网格，检查程序是否能正确输出最上面的地毯编号。
   - 地毯覆盖区域形成一个环形结构：多个地毯的覆盖区域形成一个环形结构，检查程序是否能正确输出最上面的地毯编号。

7. **地毯覆盖的极端情况**：
   - 所有地毯的覆盖区域完全相同：检查程序是否能正确输出最上面的地毯编号。
   - 所有地毯的覆盖区域完全不重叠：检查程序是否能正确输出覆盖点的地毯编号或 `-1`。

8. **查询点的极端情况**：
   - 查询点在地毯覆盖区域的最边缘：检查程序是否能正确处理最边缘的点。
   - 查询点在地毯覆盖区域的最中心：检查程序是否能正确处理最中心的点。

### 总结

通过以上测试需求的分析，我们可以生成一系列测试数据来覆盖各种边界条件、特殊情况和一般情况，确保程序能够正确处理所有可能的输入。这些测试数据将帮助我们发现程序中的潜在错误，并验证程序的正确性和鲁棒性。
2025-01-15 17:52:32.695 | INFO     | __main__:chat:37 - Time taken by api: 40.90 seconds
2025-01-15 17:52:32.696 | INFO     | __main__:generate_test_cases:102 - 构造方案：### 测试数据构造方案

以下是针对“铺地毯”问题的测试数据构造方案，覆盖了上述测试需求中的各种情况。每个方案都详细描述了数据的生成方法，并确保能够测试程序的正确性和鲁棒性。

---

#### 方案 1：最小数量的地毯（`n = 0`）
- **描述**：没有地毯铺设，检查程序是否能正确处理这种情况并输出 `-1`。
- **输入**：
  ```
  0
  1 1
  ```
- **输出**：
  ```
  -1
  ```
- **解释**：没有地毯铺设，查询点 `(1, 1)` 没有被任何地毯覆盖，程序应输出 `-1`。

---

#### 方案 2：最大数量的地毯（`n = 10^4`）
- **描述**：测试程序在处理大量地毯时的性能，确保不会超时或内存溢出。
- **输入**：
  ```
  10000
  （生成 10000 行地毯数据，每行格式为 `a b g k`，其中 `a, b, g, k` 随机生成，范围为 `0 <= a, b, g, k <= 10^5`）
  50000 50000
  ```
- **输出**：根据生成的地毯数据，输出覆盖点 `(50000, 50000)` 的最上面地毯编号或 `-1`。
- **解释**：测试程序在处理最大数量地毯时的性能。

---

#### 方案 3：地毯尺寸为 0（`g = 0` 或 `k = 0`）
- **描述**：检查程序是否能正确处理尺寸为 0 的地毯（即地毯不存在）。
- **输入**：
  ```
  2
  1 1 0 3
  2 2 3 0
  2 2
  ```
- **输出**：
  ```
  -1
  ```
- **解释**：两张地毯的尺寸分别为 `(0, 3)` 和 `(3, 0)`，实际上不存在覆盖区域，查询点 `(2, 2)` 没有被任何地毯覆盖，程序应输出 `-1`。

---

#### 方案 4：地毯完全重叠
- **描述**：多个地毯的坐标和尺寸完全相同，检查程序是否能正确输出最上面的地毯编号。
- **输入**：
  ```
  3
  1 1 2 2
  1 1 2 2
  1 1 2 2
  2 2
  ```
- **输出**：
  ```
  3
  ```
- **解释**：三张地毯完全重叠，查询点 `(2, 2)` 被所有地毯覆盖，程序应输出最上面的地毯编号 `3`。

---

#### 方案 5：地毯部分重叠
- **描述**：多个地毯的覆盖区域有部分重叠，检查程序是否能正确输出最上面的地毯编号。
- **输入**：
  ```
  3
  1 1 3 3
  2 2 3 3
  3 3 3 3
  3 3
  ```
- **输出**：
  ```
  3
  ```
- **解释**：三张地毯部分重叠，查询点 `(3, 3)` 被所有地毯覆盖，程序应输出最上面的地毯编号 `3`。

---

#### 方案 6：查询点在地毯的边界上
- **描述**：检查程序是否能正确处理边界上的点（包括四个顶点）。
- **输入**：
  ```
  2
  1 1 3 3
  2 2 2 2
  3 3
  ```
- **输出**：
  ```
  1
  ```
- **解释**：查询点 `(3, 3)` 位于第一张地毯的右上角边界上，程序应输出最上面的地毯编号 `1`。

---

#### 方案 7：查询点在地毯的角落
- **描述**：检查程序是否能正确处理角落上的点。
- **输入**：
  ```
  2
  1 1 3 3
  2 2 2 2
  1 1
  ```
- **输出**：
  ```
  1
  ```
- **解释**：查询点 `(1, 1)` 位于第一张地毯的左下角，程序应输出最上面的地毯编号 `1`。

---

#### 方案 8：查询点不在任何地毯上
- **描述**：检查程序是否能正确输出 `-1`。
- **输入**：
  ```
  2
  1 1 2 2
  3 3 2 2
  5 5
  ```
- **输出**：
  ```
  -1
  ```
- **解释**：查询点 `(5, 5)` 没有被任何地毯覆盖，程序应输出 `-1`。

---

#### 方案 9：地毯覆盖区域形成复杂重叠
- **描述**：多个地毯的覆盖区域形成复杂的重叠模式，检查程序是否能正确输出最上面的地毯编号。
- **输入**：
  ```
  4
  1 1 4 4
  2 2 3 3
  3 3 2 2
  4 4 1 1
  3 3
  ```
- **输出**：
  ```
  3
  ```
- **解释**：四张地毯的覆盖区域形成复杂的重叠，查询点 `(3, 3)` 被所有地毯覆盖，程序应输出最上面的地毯编号 `3`。

---

#### 方案 10：地毯覆盖区域形成树状结构
- **描述**：多个地毯的覆盖区域形成树状结构，检查程序是否能正确输出最上面的地毯编号。
- **输入**：
  ```
  4
  1 1 4 4
  2 2 2 2
  3 3 2 2
  4 4 1 1
  3 3
  ```
- **输出**：
  ```
  3
  ```
- **解释**：四张地毯的覆盖区域形成树状结构，查询点 `(3, 3)` 被所有地毯覆盖，程序应输出最上面的地毯编号 `3`。

---

#### 方案 11：地毯覆盖区域形成矩形网格
- **描述**：多个地毯的覆盖区域形成一个矩形网格，检查程序是否能正确输出最上面的地毯编号。
- **输入**：
  ```
  4
  1 1 2 2
  3 1 2 2
  1 3 2 2
  3 3 2 2
  2 2
  ```
- **输出**：
  ```
  1
  ```
- **解释**：四张地毯的覆盖区域形成一个矩形网格，查询点 `(2, 2)` 被第一张地毯覆盖，程序应输出最上面的地毯编号 `1`。

---

#### 方案 12：地毯覆盖区域形成环形结构
- **描述**：多个地毯的覆盖区域形成一个环形结构，检查程序是否能正确输出最上面的地毯编号。
- **输入**：
  ```
  4
  1 1 4 4
  2 2 2 2
  3 3 2 2
  4 4 1 1
  3 3
  ```
- **输出**：
  ```
  3
  ```
- **解释**：四张地毯的覆盖区域形成一个环形结构，查询点 `(3, 3)` 被所有地毯覆盖，程序应输出最上面的地毯编号 `3`。

---

#### 方案 13：所有地毯的覆盖区域完全相同
- **描述**：检查程序是否能正确输出最上面的地毯编号。
- **输入**：
  ```
  3
  1 1 2 2
  1 1 2 2
  1 1 2 2
  2 2
  ```
- **输出**：
  ```
  3
  ```
- **解释**：三张地毯的覆盖区域完全相同，查询点 `(2, 2)` 被所有地毯覆盖，程序应输出最上面的地毯编号 `3`。

---

#### 方案 14：所有地毯的覆盖区域完全不重叠
- **描述**：检查程序是否能正确输出覆盖点的地毯编号或 `-1`。
- **输入**：
  ```
  3
  1 1 2 2
  3 3 2 2
  5 5 2 2
  4 4
  ```
- **输出**：
  ```
  -1
  ```
- **解释**：三张地毯的覆盖区域完全不重叠，查询点 `(4, 4)` 没有被任何地毯覆盖，程序应输出 `-1`。

---

#### 方案 15：查询点在地毯覆盖区域的最边缘
- **描述**：检查程序是否能正确处理最边缘的点。
- **输入**：
  ```
  2
  1 1 3 3
  2 2 2 2
  3 3
  ```
- **输出**：
  ```
  1
  ```
- **解释**：查询点 `(3, 3)` 位于第一张地毯的右上角边缘，程序应输出最上面的地毯编号 `1`。

---

#### 方案 16：查询点在地毯覆盖区域的最中心
- **描述**：检查程序是否能正确处理最中心的点。
- **输入**：
  ```
  2
  1 1 4 4
  2 2 2 2
  3 3
  ```
- **输出**：
  ```
  2
  ```
- **解释**：查询点 `(3, 3)` 位于第二张地毯的中心，程序应输出最上面的地毯编号 `2`。

---

### 总结

以上测试数据构造方案覆盖了各种边界条件、特殊情况和一般情况，能够有效验证程序的正确性和鲁棒性。通过这些方案生成的测试数据，可以确保程序在处理不同输入时能够正确输出结果。
2025-01-15 17:53:33.392 | INFO     | __main__:generate_test_cases:62 - start generate
2025-01-15 17:53:48.752 | INFO     | __main__:chat:37 - Time taken by api: 15.36 seconds
2025-01-15 17:53:48.753 | INFO     | __main__:generate_test_cases:82 - 测试需求：### 测试需求分析

为了确保程序的正确性和鲁棒性，我们需要生成一系列测试数据来覆盖各种可能的情况。以下是针对“铺地毯”题目的测试需求总结：

1. **边界条件测试**：
   - **最小输入规模**：测试 `n = 0` 的情况，即没有地毯铺设，检查程序是否能正确处理并输出 `-1`。
   - **最小地毯数量**：测试 `n = 1` 的情况，检查程序是否能正确处理单张地毯的覆盖情况。
   - **最大输入规模**：测试 `n = 10^4` 的情况，检查程序是否能处理最大规模的数据输入。

2. **特殊点测试**：
   - **点在所有地毯之外**：测试一个点位于所有地毯的覆盖范围之外，检查程序是否能正确输出 `-1`。
   - **点在地毯边界上**：测试一个点位于某张地毯的边界上，检查程序是否能正确识别并输出该地毯的编号。
   - **点在地毯顶点上**：测试一个点位于某张地毯的顶点上，检查程序是否能正确识别并输出该地毯的编号。

3. **地毯覆盖关系测试**：
   - **多层覆盖**：测试多个地毯覆盖同一个点的情况，检查程序是否能正确输出最上层的地毯编号。
   - **地毯完全覆盖**：测试一张地毯完全覆盖另一张地毯的情况，检查程序是否能正确输出最上层的地毯编号。
   - **地毯部分覆盖**：测试两张地毯部分重叠的情况，检查程序是否能正确输出最上层的地毯编号。

4. **极端坐标测试**：
   - **地毯坐标在边界**：测试地毯的左下角坐标 `(a, b)` 和尺寸 `(g, k)` 达到最大值 `10^5` 的情况，检查程序是否能正确处理。
   - **点坐标在边界**：测试点的坐标 `(x, y)` 达到最大值 `10^5` 的情况，检查程序是否能正确处理。

5. **随机数据测试**：
   - **随机生成地毯和点**：生成随机的地毯和点，检查程序是否能正确处理各种随机情况。

6. **性能测试**：
   - **大规模数据测试**：生成接近最大规模的数据（如 `n = 10^4`，地毯坐标和尺寸接近最大值），检查程序是否能在大规模数据下快速运行。

### 测试数据生成策略

根据上述测试需求，我们可以设计以下测试数据生成策略：

1. **边界条件测试数据**：
   - `n = 0`，点坐标为任意值。
   - `n = 1`，点坐标为地毯覆盖范围内和范围外。
   - `n = 10^4`，点坐标为地毯覆盖范围内和范围外。

2. **特殊点测试数据**：
   - 点位于地毯边界上。
   - 点位于地毯顶点上。
   - 点位于所有地毯覆盖范围之外。

3. **地毯覆盖关系测试数据**：
   - 多层覆盖的情况。
   - 地毯完全覆盖的情况。
   - 地毯部分覆盖的情况。

4. **极端坐标测试数据**：
   - 地毯坐标和尺寸达到最大值 `10^5`。
   - 点坐标达到最大值 `10^5`。

5. **随机数据测试数据**：
   - 随机生成地毯和点，确保覆盖各种可能的情况。

6. **性能测试数据**：
   - 生成接近最大规模的数据，确保程序在大规模数据下仍能高效运行。

通过以上测试需求和测试数据生成策略，可以全面验证程序的正确性和鲁棒性。
2025-01-15 17:54:46.267 | INFO     | __main__:chat:37 - Time taken by api: 57.51 seconds
2025-01-15 17:54:46.268 | INFO     | __main__:generate_test_cases:102 - 构造方案：=====================
**测试数据构造方案 1：边界条件测试**

1. **最小输入规模**：
   - 输入：`n = 0`，点坐标为 `(1, 1)`。
   - 预期输出：`-1`。
   - 解释：没有地毯铺设，点 `(1, 1)` 没有被任何地毯覆盖。

2. **最小地毯数量**：
   - 输入：`n = 1`，地毯信息为 `(0, 0, 2, 2)`，点坐标为 `(1, 1)`。
   - 预期输出：`1`。
   - 解释：只有一张地毯，点 `(1, 1)` 被该地毯覆盖。

3. **最大输入规模**：
   - 输入：`n = 10000`，地毯信息为 `(0, 0, 1, 1)` 重复 10000 次，点坐标为 `(0, 0)`。
   - 预期输出：`10000`。
   - 解释：所有地毯都覆盖点 `(0, 0)`，最上层的地毯编号为 `10000`。

4. **点在所有地毯之外**：
   - 输入：`n = 3`，地毯信息分别为 `(0, 0, 2, 2)`、`(3, 3, 2, 2)`、`(5, 5, 2, 2)`，点坐标为 `(4, 4)`。
   - 预期输出：`-1`。
   - 解释：点 `(4, 4)` 没有被任何地毯覆盖。

5. **点在地毯边界上**：
   - 输入：`n = 2`，地毯信息分别为 `(0, 0, 2, 2)`、`(1, 1, 2, 2)`，点坐标为 `(2, 2)`。
   - 预期输出：`2`。
   - 解释：点 `(2, 2)` 位于第二张地毯的边界上，最上层的地毯编号为 `2`。

=====================
=====================
**测试数据构造方案 2：特殊点测试**

1. **点在地毯顶点上**：
   - 输入：`n = 2`，地毯信息分别为 `(0, 0, 2, 2)`、`(1, 1, 2, 2)`，点坐标为 `(2, 2)`。
   - 预期输出：`2`。
   - 解释：点 `(2, 2)` 位于第二张地毯的顶点上，最上层的地毯编号为 `2`。

2. **点在地毯边界上**：
   - 输入：`n = 3`，地毯信息分别为 `(0, 0, 3, 3)`、`(1, 1, 2, 2)`、`(2, 2, 1, 1)`，点坐标为 `(3, 3)`。
   - 预期输出：`1`。
   - 解释：点 `(3, 3)` 位于第一张地毯的边界上，最上层的地毯编号为 `1`。

3. **点在地毯内部**：
   - 输入：`n = 2`，地毯信息分别为 `(0, 0, 3, 3)`、`(1, 1, 2, 2)`，点坐标为 `(1.5, 1.5)`。
   - 预期输出：`2`。
   - 解释：点 `(1.5, 1.5)` 位于第二张地毯内部，最上层的地毯编号为 `2`。

4. **点在地毯外部**：
   - 输入：`n = 2`，地毯信息分别为 `(0, 0, 2, 2)`、`(3, 3, 2, 2)`，点坐标为 `(4, 4)`。
   - 预期输出：`-1`。
   - 解释：点 `(4, 4)` 没有被任何地毯覆盖。

5. **点在地毯重叠区域**：
   - 输入：`n = 3`，地毯信息分别为 `(0, 0, 3, 3)`、`(1, 1, 2, 2)`、`(2, 2, 1, 1)`，点坐标为 `(2, 2)`。
   - 预期输出：`3`。
   - 解释：点 `(2, 2)` 位于三张地毯的重叠区域，最上层的地毯编号为 `3`。

=====================
=====================
**测试数据构造方案 3：地毯覆盖关系测试**

1. **多层覆盖**：
   - 输入：`n = 3`，地毯信息分别为 `(0, 0, 3, 3)`、`(1, 1, 2, 2)`、`(2, 2, 1, 1)`，点坐标为 `(2, 2)`。
   - 预期输出：`3`。
   - 解释：点 `(2, 2)` 被三张地毯覆盖，最上层的地毯编号为 `3`。

2. **地毯完全覆盖**：
   - 输入：`n = 2`，地毯信息分别为 `(0, 0, 3, 3)`、`(1, 1, 1, 1)`，点坐标为 `(1.5, 1.5)`。
   - 预期输出：`1`。
   - 解释：第一张地毯完全覆盖第二张地毯，点 `(1.5, 1.5)` 被第一张地毯覆盖。

3. **地毯部分覆盖**：
   - 输入：`n = 2`，地毯信息分别为 `(0, 0, 3, 3)`、`(2, 2, 2, 2)`，点坐标为 `(2.5, 2.5)`。
   - 预期输出：`2`。
   - 解释：第二张地毯部分覆盖第一张地毯，点 `(2.5, 2.5)` 被第二张地毯覆盖。

4. **地毯不重叠**：
   - 输入：`n = 2`，地毯信息分别为 `(0, 0, 2, 2)`、`(3, 3, 2, 2)`，点坐标为 `(1, 1)`。
   - 预期输出：`1`。
   - 解释：两张地毯不重叠，点 `(1, 1)` 被第一张地毯覆盖。

5. **地毯边缘重叠**：
   - 输入：`n = 2`，地毯信息分别为 `(0, 0, 3, 3)`、`(2, 2, 2, 2)`，点坐标为 `(2, 2)`。
   - 预期输出：`2`。
   - 解释：两张地毯在边缘重叠，点 `(2, 2)` 被第二张地毯覆盖。

=====================
=====================
**测试数据构造方案 4：极端坐标测试**

1. **地毯坐标和尺寸达到最大值**：
   - 输入：`n = 1`，地毯信息为 `(0, 0, 100000, 100000)`，点坐标为 `(50000, 50000)`。
   - 预期输出：`1`。
   - 解释：地毯尺寸达到最大值，点 `(50000, 50000)` 被该地毯覆盖。

2. **点坐标达到最大值**：
   - 输入：`n = 1`，地毯信息为 `(0, 0, 100000, 100000)`，点坐标为 `(100000, 100000)`。
   - 预期输出：`1`。
   - 解释：点坐标达到最大值，点 `(100000, 100000)` 被该地毯覆盖。

3. **地毯坐标和尺寸接近最大值**：
   - 输入：`n = 1`，地毯信息为 `(99999, 99999, 1, 1)`，点坐标为 `(99999, 99999)`。
   - 预期输出：`1`。
   - 解释：地毯坐标和尺寸接近最大值，点 `(99999, 99999)` 被该地毯覆盖。

4. **点坐标接近最大值**：
   - 输入：`n = 1`，地毯信息为 `(0, 0, 100000, 100000)`，点坐标为 `(99999, 99999)`。
   - 预期输出：`1`。
   - 解释：点坐标接近最大值，点 `(99999, 99999)` 被该地毯覆盖。

5. **地毯坐标和尺寸为 0**：
   - 输入：`n = 1`，地毯信息为 `(0, 0, 0, 0)`，点坐标为 `(0, 0)`。
   - 预期输出：`1`。
   - 解释：地毯尺寸为 0，点 `(0, 0)` 被该地毯覆盖。

=====================
=====================
**测试数据构造方案 5：随机数据测试**

1. **随机生成地毯和点**：
   - 输入：`n = 10`，地毯信息随机生成，点坐标随机生成。
   - 预期输出：根据随机生成的地毯和点，计算最上层的地毯编号或 `-1`。
   - 解释：随机生成的数据用于测试程序的鲁棒性。

2. **随机生成地毯和点，确保覆盖各种情况**：
   - 输入：`n = 100`，地毯信息随机生成，点坐标随机生成。
   - 预期输出：根据随机生成的地毯和点，计算最上层的地毯编号或 `-1`。
   - 解释：随机生成的数据用于测试程序的鲁棒性。

3. **随机生成地毯和点，确保覆盖边界情况**：
   - 输入：`n = 1000`，地毯信息随机生成，点坐标随机生成。
   - 预期输出：根据随机生成的地毯和点，计算最上层的地毯编号或 `-1`。
   - 解释：随机生成的数据用于测试程序的鲁棒性。

4. **随机生成地毯和点，确保覆盖极端情况**：
   - 输入：`n = 10000`，地毯信息随机生成，点坐标随机生成。
   - 预期输出：根据随机生成的地毯和点，计算最上层的地毯编号或 `-1`。
   - 解释：随机生成的数据用于测试程序的鲁棒性。

5. **随机生成地毯和点，确保覆盖多层覆盖情况**：
   - 输入：`n = 100`，地毯信息随机生成，点坐标随机生成。
   - 预期输出：根据随机生成的地毯和点，计算最上层的地毯编号或 `-1`。
   - 解释：随机生成的数据用于测试程序的鲁棒性。

=====================
=====================
**测试数据构造方案 6：性能测试**

1. **大规模数据测试**：
   - 输入：`n = 10000`，地毯信息为 `(0, 0, 1, 1)` 重复 10000 次，点坐标为 `(0, 0)`。
   - 预期输出：`10000`。
   - 解释：所有地毯都覆盖点 `(0, 0)`，最上层的地毯编号为 `10000`。

2. **大规模数据测试，点在地毯外部**：
   - 输入：`n = 10000`，地毯信息为 `(0, 0, 1, 1)` 重复 10000 次，点坐标为 `(100000, 100000)`。
   - 预期输出：`-1`。
   - 解释：点 `(100000, 100000)` 没有被任何地毯覆盖。

3. **大规模数据测试，点在地毯边界上**：
   - 输入：`n = 10000`，地毯信息为 `(0, 0, 1, 1)` 重复 10000 次，点坐标为 `(1, 1)`。
   - 预期输出：`10000`。
   - 解释：点 `(1, 1)` 位于所有地毯的边界上，最上层的地毯编号为 `10000`。

4. **大规模数据测试，点在地毯内部**：
   - 输入：`n = 10000`，地毯信息为 `(0, 0, 1, 1)` 重复 10000 次，点坐标为 `(0.5, 0.5)`。
   - 预期输出：`10000`。
   - 解释：点 `(0.5, 0.5)` 位于所有地毯内部，最上层的地毯编号为 `10000`。

5. **大规模数据测试，点在地毯重叠区域**：
   - 输入：`n = 10000`，地毯信息为 `(0, 0, 1, 1)` 重复 10000 次，点坐标为 `(0, 0)`。
   - 预期输出：`10000`。
   - 解释：点 `(0, 0)` 位于所有地毯的重叠区域，最上层的地毯编号为 `10000`。

=====================
2025-01-15 17:56:17.822 | INFO     | __main__:generate_test_cases:62 - start generate
2025-01-15 17:56:33.088 | INFO     | __main__:chat:37 - Time taken by api: 15.27 seconds
2025-01-15 17:56:33.089 | INFO     | __main__:generate_test_cases:82 - 测试需求：### 测试需求分析

为了确保题目“铺地毯”的正确性和鲁棒性，测试数据需要覆盖多种情况，包括基础情况、边界条件和特殊情况。以下是测试需求的总结：

1. **基础情况**：
   - 少量地毯（如1-2张）覆盖一个点，验证程序是否能正确识别最上面的地毯。
   - 多张地毯（如3-5张）覆盖一个点，验证程序是否能正确处理地毯的覆盖顺序。

2. **边界条件**：
   - 地毯数量达到最大值（$n = 10^4$），验证程序是否能处理大规模输入。
   - 地毯的坐标和尺寸达到最大值（$a, b, g, k = 10^5$），验证程序是否能处理大范围的地毯。
   - 查询点的坐标达到最大值（$x, y = 10^5$），验证程序是否能处理大范围的查询。

3. **特殊情况**：
   - 查询点没有被任何地毯覆盖，验证程序是否能正确输出`-1`。
   - 查询点正好位于某张地毯的边界或顶点上，验证程序是否能正确识别覆盖情况。
   - 地毯完全重叠，验证程序是否能正确识别最上面的地毯。
   - 地毯部分重叠，验证程序是否能正确识别覆盖顺序。
   - 地毯不重叠，验证程序是否能正确识别覆盖情况。
   - 地毯的尺寸为0（即地毯实际上是一个点），验证程序是否能正确处理这种情况。
   - 地毯的尺寸为1（即地毯实际上是一个单位正方形），验证程序是否能正确处理这种情况。

4. **极端情况**：
   - 没有地毯（$n = 0$），验证程序是否能正确处理这种情况并输出`-1`。
   - 所有地毯的尺寸为0，验证程序是否能正确处理这种情况并输出`-1`。
   - 所有地毯的尺寸为1，验证程序是否能正确处理这种情况并识别覆盖顺序。

5. **随机情况**：
   - 随机生成多张地毯，随机生成查询点，验证程序是否能正确处理随机情况。

### 测试数据生成策略

根据上述测试需求，测试数据可以按照以下策略生成：

1. **小规模数据**：
   - 生成1-2张地毯，覆盖一个点，验证基础情况。
   - 生成3-5张地毯，覆盖一个点，验证基础情况。

2. **大规模数据**：
   - 生成$n = 10^4$张地毯，覆盖一个点，验证边界条件。
   - 生成地毯的坐标和尺寸为$10^5$，验证边界条件。
   - 生成查询点的坐标为$10^5$，验证边界条件。

3. **特殊情况数据**：
   - 生成查询点没有被任何地毯覆盖的情况，验证特殊情况。
   - 生成查询点位于地毯边界或顶点上的情况，验证特殊情况。
   - 生成地毯完全重叠、部分重叠、不重叠的情况，验证特殊情况。
   - 生成地毯尺寸为0或1的情况，验证特殊情况。

4. **极端情况数据**：
   - 生成$n = 0$的情况，验证极端情况。
   - 生成所有地毯尺寸为0或1的情况，验证极端情况。

5. **随机数据**：
   - 随机生成多张地毯和查询点，验证随机情况。

通过以上测试需求和测试数据生成策略，可以全面验证程序的正确性和鲁棒性。
2025-01-15 17:56:57.267 | INFO     | __main__:chat:37 - Time taken by api: 24.17 seconds
2025-01-15 17:56:57.268 | INFO     | __main__:generate_test_cases:103 - 构造方案：=====================
**测试数据构造方案 1：小规模数据**

- **描述**：生成1-2张地毯，覆盖一个点，验证基础情况。
- **具体构造**：
  1. 生成1张地毯，覆盖点$(x, y)$，验证程序是否能正确识别最上面的地毯。
  2. 生成2张地毯，覆盖点$(x, y)$，验证程序是否能正确处理地毯的覆盖顺序。
  3. 生成2张地毯，其中一张覆盖点$(x, y)$，另一张不覆盖，验证程序是否能正确识别覆盖情况。
  4. 生成2张地毯，覆盖点$(x, y)$，其中一张地毯的尺寸为0，验证程序是否能正确处理这种情况。
  5. 生成2张地毯，覆盖点$(x, y)$，其中一张地毯的尺寸为1，验证程序是否能正确处理这种情况。

=====================
=====================
**测试数据构造方案 2：大规模数据**

- **描述**：生成$n = 10^4$张地毯，覆盖一个点，验证边界条件。
- **具体构造**：
  1. 生成$n = 10^4$张地毯，覆盖点$(x, y)$，验证程序是否能处理大规模输入。
  2. 生成$n = 10^4$张地毯，覆盖点$(x, y)$，其中所有地毯的坐标和尺寸为$10^5$，验证程序是否能处理大范围的地毯。
  3. 生成$n = 10^4$张地毯，覆盖点$(x, y)$，其中查询点的坐标为$10^5$，验证程序是否能处理大范围的查询。
  4. 生成$n = 10^4$张地毯，覆盖点$(x, y)$，其中所有地毯的尺寸为0，验证程序是否能正确处理这种情况。
  5. 生成$n = 10^4$张地毯，覆盖点$(x, y)$，其中所有地毯的尺寸为1，验证程序是否能正确处理这种情况。

=====================
=====================
**测试数据构造方案 3：特殊情况数据**

- **描述**：生成查询点没有被任何地毯覆盖的情况，验证特殊情况。
- **具体构造**：
  1. 生成$n$张地毯，覆盖点$(x, y)$，其中查询点$(x, y)$没有被任何地毯覆盖，验证程序是否能正确输出`-1`。
  2. 生成$n$张地毯，覆盖点$(x, y)$，其中查询点$(x, y)$正好位于某张地毯的边界上，验证程序是否能正确识别覆盖情况。
  3. 生成$n$张地毯，覆盖点$(x, y)$，其中查询点$(x, y)$正好位于某张地毯的顶点上，验证程序是否能正确识别覆盖情况。
  4. 生成$n$张地毯，覆盖点$(x, y)$，其中所有地毯完全重叠，验证程序是否能正确识别最上面的地毯。
  5. 生成$n$张地毯，覆盖点$(x, y)$，其中所有地毯部分重叠，验证程序是否能正确识别覆盖顺序。

=====================
=====================
**测试数据构造方案 4：极端情况数据**

- **描述**：生成$n = 0$的情况，验证极端情况。
- **具体构造**：
  1. 生成$n = 0$张地毯，覆盖点$(x, y)$，验证程序是否能正确处理这种情况并输出`-1`。
  2. 生成$n$张地毯，覆盖点$(x, y)$，其中所有地毯的尺寸为0，验证程序是否能正确处理这种情况并输出`-1`。
  3. 生成$n$张地毯，覆盖点$(x, y)$，其中所有地毯的尺寸为1，验证程序是否能正确处理这种情况并识别覆盖顺序。
  4. 生成$n$张地毯，覆盖点$(x, y)$，其中所有地毯的尺寸为0，且查询点$(x, y)$位于地毯的边界上，验证程序是否能正确处理这种情况。
  5. 生成$n$张地毯，覆盖点$(x, y)$，其中所有地毯的尺寸为1，且查询点$(x, y)$位于地毯的顶点上，验证程序是否能正确处理这种情况。

=====================
=====================
**测试数据构造方案 5：随机数据**

- **描述**：随机生成多张地毯和查询点，验证随机情况。
- **具体构造**：
  1. 随机生成$n$张地毯，覆盖点$(x, y)$，验证程序是否能正确处理随机情况。
  2. 随机生成$n$张地毯，覆盖点$(x, y)$，其中地毯的坐标和尺寸在$[0, 10^5]$范围内随机生成，验证程序是否能处理随机情况。
  3. 随机生成$n$张地毯，覆盖点$(x, y)$，其中查询点的坐标在$[0, 10^5]$范围内随机生成，验证程序是否能处理随机情况。
  4. 随机生成$n$张地毯，覆盖点$(x, y)$，其中地毯的尺寸在$[0, 10^5]$范围内随机生成，验证程序是否能处理随机情况。
  5. 随机生成$n$张地毯，覆盖点$(x, y)$，其中地毯的尺寸为0或1，验证程序是否能处理随机情况。

=====================

通过以上测试数据构造方案，可以全面覆盖题目“铺地毯”的测试需求，确保程序的正确性和鲁棒性。
2025-01-15 17:58:21.019 | INFO     | __main__:generate_test_cases:62 - start generate
2025-01-15 17:58:39.335 | INFO     | __main__:chat:37 - Time taken by api: 18.32 seconds
2025-01-15 17:58:39.336 | INFO     | __main__:generate_test_cases:82 - 测试需求：### 测试需求分析

对于题目“铺地毯”，我们需要生成测试数据以确保程序能够正确处理各种情况。以下是测试需求的总结：

1. **边界条件测试**：
   - **最小输入规模**：`n = 0`，即没有地毯铺设，查询任意点应返回 `-1`。
   - **最小地毯数量**：`n = 1`，只有一张地毯，查询点在地毯内和地毯外的情况。
   - **最大输入规模**：`n = 10^4`，测试程序在处理最大规模数据时的性能。

2. **地毯覆盖情况测试**：
   - **点在地毯边界上**：查询点恰好在地毯的左下角、右上角或其他边界上。
   - **点在地毯内部**：查询点完全在地毯内部。
   - **点在地毯外部**：查询点不在地毯覆盖范围内。
   - **多层地毯覆盖**：多个地毯覆盖同一个点，确保程序返回最上层的地毯编号。

3. **地毯重叠情况测试**：
   - **完全重叠**：多个地毯完全重叠，查询点应返回最上层的地毯编号。
   - **部分重叠**：多个地毯部分重叠，查询点应返回最上层的地毯编号。
   - **无重叠**：多个地毯无重叠，查询点应返回覆盖该点的最上层地毯编号或 `-1`。

4. **特殊形状地毯测试**：
   - **地毯为点**：地毯的 `g` 或 `k` 为 `0`，即地毯退化为一个点。
   - **地毯为线**：地毯的 `g` 或 `k` 为 `0`，即地毯退化为一条线。

5. **极端坐标测试**：
   - **地毯坐标在边界**：地毯的左下角坐标为 `(0, 0)`，右上角坐标为 `(10^5, 10^5)`。
   - **查询点在边界**：查询点坐标为 `(0, 0)` 或 `(10^5, 10^5)`。

6. **随机数据测试**：
   - **随机生成地毯**：随机生成 `n` 张地毯，确保程序能够处理随机数据。
   - **随机查询点**：随机生成查询点，确保程序能够正确处理随机查询。

### 测试数据生成策略

1. **边界条件测试数据**：
   - `n = 0`，查询任意点。
   - `n = 1`，查询点在地毯内和地毯外。
   - `n = 10^4`，生成最大规模的地毯数据，查询点在地毯内和地毯外。

2. **地毯覆盖情况测试数据**：
   - 生成多个地毯，确保查询点在地毯边界、内部和外部。
   - 生成多层地毯覆盖同一个点，确保返回最上层的地毯编号。

3. **地毯重叠情况测试数据**：
   - 生成完全重叠的地毯。
   - 生成部分重叠的地毯。
   - 生成无重叠的地毯。

4. **特殊形状地毯测试数据**：
   - 生成退化为点或线的地毯。

5. **极端坐标测试数据**：
   - 生成地毯坐标在边界的情况。
   - 生成查询点坐标在边界的情况。

6. **随机数据测试数据**：
   - 随机生成 `n` 张地毯和查询点，确保程序能够处理随机数据。

### 总结

通过以上测试需求的分析，我们可以生成覆盖各种情况的测试数据，确保程序能够正确处理边界条件、地毯覆盖情况、地毯重叠情况、特殊形状地毯、极端坐标以及随机数据。这些测试数据将有助于验证程序的正确性和鲁棒性。
2025-01-15 17:59:22.208 | INFO     | __main__:chat:37 - Time taken by api: 42.87 seconds
2025-01-15 17:59:22.210 | INFO     | __main__:generate_test_cases:101 - 构造方案：### 测试需求总结

根据题目描述，测试需求可以分为以下几类：

1. **边界条件测试**：
   - **最小输入规模**：`n = 0`，即没有地毯铺设，查询任意点应返回 `-1`。
   - **最小地毯数量**：`n = 1`，只有一张地毯，查询点在地毯内和地毯外的情况。
   - **最大输入规模**：`n = 10^4`，测试程序在处理最大规模数据时的性能。

2. **地毯覆盖情况测试**：
   - **点在地毯边界上**：查询点恰好在地毯的左下角、右上角或其他边界上。
   - **点在地毯内部**：查询点完全在地毯内部。
   - **点在地毯外部**：查询点不在地毯覆盖范围内。
   - **多层地毯覆盖**：多个地毯覆盖同一个点，确保程序返回最上层的地毯编号。

3. **地毯重叠情况测试**：
   - **完全重叠**：多个地毯完全重叠，查询点应返回最上层的地毯编号。
   - **部分重叠**：多个地毯部分重叠，查询点应返回最上层的地毯编号。
   - **无重叠**：多个地毯无重叠，查询点应返回覆盖该点的最上层地毯编号或 `-1`。

4. **特殊形状地毯测试**：
   - **地毯为点**：地毯的 `g` 或 `k` 为 `0`，即地毯退化为一个点。
   - **地毯为线**：地毯的 `g` 或 `k` 为 `0`，即地毯退化为一条线。

5. **极端坐标测试**：
   - **地毯坐标在边界**：地毯的左下角坐标为 `(0, 0)`，右上角坐标为 `(10^5, 10^5)`。
   - **查询点在边界**：查询点坐标为 `(0, 0)` 或 `(10^5, 10^5)`。

6. **随机数据测试**：
   - **随机生成地毯**：随机生成 `n` 张地毯，确保程序能够处理随机数据。
   - **随机查询点**：随机生成查询点，确保程序能够正确处理随机查询。

### 测试数据生成策略

1. **边界条件测试数据**：
   - **方案1**：`n = 0`，查询点 `(1, 1)`，预期输出 `-1`。
   - **方案2**：`n = 1`，地毯 `(0, 0, 2, 2)`，查询点 `(1, 1)`，预期输出 `1`。
   - **方案3**：`n = 1`，地毯 `(0, 0, 2, 2)`，查询点 `(3, 3)`，预期输出 `-1`。
   - **方案4**：`n = 10^4`，生成 `10^4` 张地毯，查询点 `(50000, 50000)`，预期输出最上层的地毯编号。
   - **方案5**：`n = 10^4`，生成 `10^4` 张地毯，查询点 `(100001, 100001)`，预期输出 `-1`。

2. **地毯覆盖情况测试数据**：
   - **方案1**：`n = 2`，地毯 `(0, 0, 2, 2)` 和 `(1, 1, 2, 2)`，查询点 `(1, 1)`，预期输出 `2`。
   - **方案2**：`n = 2`，地毯 `(0, 0, 2, 2)` 和 `(1, 1, 2, 2)`，查询点 `(0, 0)`，预期输出 `1`。
   - **方案3**：`n = 2`，地毯 `(0, 0, 2, 2)` 和 `(1, 1, 2, 2)`，查询点 `(3, 3)`，预期输出 `-1`。
   - **方案4**：`n = 3`，地毯 `(0, 0, 2, 2)`、`(1, 1, 2, 2)` 和 `(2, 2, 2, 2)`，查询点 `(2, 2)`，预期输出 `3`。
   - **方案5**：`n = 3`，地毯 `(0, 0, 2, 2)`、`(1, 1, 2, 2)` 和 `(2, 2, 2, 2)`，查询点 `(1, 1)`，预期输出 `2`。

3. **地毯重叠情况测试数据**：
   - **方案1**：`n = 2`，地毯 `(0, 0, 2, 2)` 和 `(0, 0, 2, 2)`，查询点 `(1, 1)`，预期输出 `2`。
   - **方案2**：`n = 2`，地毯 `(0, 0, 2, 2)` 和 `(1, 1, 2, 2)`，查询点 `(1, 1)`，预期输出 `2`。
   - **方案3**：`n = 2`，地毯 `(0, 0, 2, 2)` 和 `(2, 2, 2, 2)`，查询点 `(1, 1)`，预期输出 `1`。
   - **方案4**：`n = 3`，地毯 `(0, 0, 2, 2)`、`(1, 1, 2, 2)` 和 `(2, 2, 2, 2)`，查询点 `(1, 1)`，预期输出 `2`。
   - **方案5**：`n = 3`，地毯 `(0, 0, 2, 2)`、`(1, 1, 2, 2)` 和 `(2, 2, 2, 2)`，查询点 `(2, 2)`，预期输出 `3`。

4. **特殊形状地毯测试数据**：
   - **方案1**：`n = 1`，地毯 `(0, 0, 0, 0)`，查询点 `(0, 0)`，预期输出 `1`。
   - **方案2**：`n = 1`，地毯 `(0, 0, 0, 0)`，查询点 `(1, 1)`，预期输出 `-1`。
   - **方案3**：`n = 1`，地毯 `(0, 0, 2, 0)`，查询点 `(1, 0)`，预期输出 `1`。
   - **方案4**：`n = 1`，地毯 `(0, 0, 0, 2)`，查询点 `(0, 1)`，预期输出 `1`。
   - **方案5**：`n = 1`，地毯 `(0, 0, 2, 0)`，查询点 `(1, 1)`，预期输出 `-1`。

5. **极端坐标测试数据**：
   - **方案1**：`n = 1`，地毯 `(0, 0, 100000, 100000)`，查询点 `(0, 0)`，预期输出 `1`。
   - **方案2**：`n = 1`，地毯 `(0, 0, 100000, 100000)`，查询点 `(100000, 100000)`，预期输出 `1`。
   - **方案3**：`n = 1`，地毯 `(0, 0, 100000, 100000)`，查询点 `(100001, 100001)`，预期输出 `-1`。
   - **方案4**：`n = 2`，地毯 `(0, 0, 100000, 100000)` 和 `(50000, 50000, 100000, 100000)`，查询点 `(50000, 50000)`，预期输出 `2`。
   - **方案5**：`n = 2`，地毯 `(0, 0, 100000, 100000)` 和 `(50000, 50000, 100000, 100000)`，查询点 `(100000, 100000)`，预期输出 `2`。

6. **随机数据测试数据**：
   - **方案1**：`n = 100`，随机生成 `100` 张地毯，查询点 `(50000, 50000)`，预期输出最上层的地毯编号。
   - **方案2**：`n = 1000`，随机生成 `1000` 张地毯，查询点 `(50000, 50000)`，预期输出最上层的地毯编号。
   - **方案3**：`n = 10000`，随机生成 `10000` 张地毯，查询点 `(50000, 50000)`，预期输出最上层的地毯编号。
   - **方案4**：`n = 100`，随机生成 `100` 张地毯，查询点 `(100001, 100001)`，预期输出 `-1`。
   - **方案5**：`n = 1000`，随机生成 `1000` 张地毯，查询点 `(100001, 100001)`，预期输出 `-1`。

### 总结

通过以上测试需求的分析和测试数据生成策略，我们可以生成覆盖各种情况的测试数据，确保程序能够正确处理边界条件、地毯覆盖情况、地毯重叠情况、特殊形状地毯、极端坐标以及随机数据。这些测试数据将有助于验证程序的正确性和鲁棒性。
2025-01-15 18:01:48.254 | INFO     | __main__:generate_test_cases:62 - start generate
2025-01-15 18:02:02.058 | INFO     | __main__:chat:37 - Time taken by api: 13.80 seconds
2025-01-15 18:02:02.059 | INFO     | __main__:generate_test_cases:82 - 测试需求：### 测试需求总结

为了确保程序能够正确处理各种情况，测试数据需要覆盖以下测试需求：

1. **边界条件测试**：
   - **最小规模**：测试 `n = 0` 的情况，即没有地毯铺设，检查程序是否能正确输出 `-1`。
   - **最小规模**：测试 `n = 1` 的情况，即只有一张地毯，检查程序是否能正确输出该地毯的编号或 `-1`。
   - **最大规模**：测试 `n = 10^4` 的情况，即地毯数量达到题目规定的最大值，检查程序是否能正确处理大规模输入。

2. **地毯覆盖情况测试**：
   - **完全覆盖**：测试点 `(x, y)` 被所有地毯覆盖的情况，检查程序是否能正确输出最上面的地毯编号。
   - **部分覆盖**：测试点 `(x, y)` 被部分地毯覆盖的情况，检查程序是否能正确输出最上面的地毯编号。
   - **完全不覆盖**：测试点 `(x, y)` 没有被任何地毯覆盖的情况，检查程序是否能正确输出 `-1`。

3. **地毯重叠情况测试**：
   - **完全重叠**：测试多张地毯完全重叠的情况，检查程序是否能正确输出最上面的地毯编号。
   - **部分重叠**：测试多张地毯部分重叠的情况，检查程序是否能正确输出最上面的地毯编号。
   - **边界重叠**：测试地毯边界上的点 `(x, y)` 被多张地毯覆盖的情况，检查程序是否能正确处理边界条件。

4. **特殊形状地毯测试**：
   - **零面积地毯**：测试 `g = 0` 或 `k = 0` 的情况，即地毯在某个方向上没有长度，检查程序是否能正确处理这种情况。
   - **极大面积地毯**：测试 `g` 和 `k` 达到最大值 `10^5` 的情况，检查程序是否能正确处理极大面积的地毯。

5. **坐标边界测试**：
   - **最小坐标**：测试 `(x, y)` 为 `(0, 0)` 的情况，检查程序是否能正确处理最小坐标点。
   - **最大坐标**：测试 `(x, y)` 为 `(10^5, 10^5)` 的情况，检查程序是否能正确处理最大坐标点。

6. **地毯顺序测试**：
   - **地毯顺序影响**：测试多张地毯按照不同顺序铺设的情况，检查程序是否能正确处理地毯的覆盖顺序。

7. **极端情况测试**：
   - **所有地毯都不覆盖点 `(x, y)`**：测试所有地毯都不覆盖点 `(x, y)` 的情况，检查程序是否能正确输出 `-1`。
   - **所有地毯都覆盖点 `(x, y)`**：测试所有地毯都覆盖点 `(x, y)` 的情况，检查程序是否能正确输出最上面的地毯编号。

### 总结

通过以上测试需求，可以确保程序在各种边界条件、特殊情况和大规模输入下都能正确运行。测试数据应涵盖这些需求，以验证程序的鲁棒性和正确性。
2025-01-15 18:02:35.012 | INFO     | __main__:chat:37 - Time taken by api: 32.95 seconds
2025-01-15 18:02:35.013 | INFO     | __main__:generate_test_cases:101 - 构造方案：### 测试数据构造方案

根据上述测试需求，以下是具体的测试数据构造方案：

---

#### **1. 边界条件测试**

**方案 1**：`n = 0`，没有地毯铺设。
- 输入：
  ```
  0
  1 1
  ```
- 输出：
  ```
  -1
  ```
- 解释：没有地毯，点 `(1, 1)` 未被覆盖。

**方案 2**：`n = 1`，只有一张地毯。
- 输入：
  ```
  1
  0 0 2 2
  1 1
  ```
- 输出：
  ```
  1
  ```
- 解释：点 `(1, 1)` 被唯一的地毯覆盖。

**方案 3**：`n = 10^4`，地毯数量达到最大值。
- 输入：
  ```
  10000
  0 0 1 1
  1 1 1 1
  ...
  9999 9999 1 1
  5000 5000
  ```
- 输出：
  ```
  10000
  ```
- 解释：点 `(5000, 5000)` 被最后一张地毯覆盖。

---

#### **2. 地毯覆盖情况测试**

**方案 4**：点 `(x, y)` 被所有地毯覆盖。
- 输入：
  ```
  3
  0 0 3 3
  1 1 2 2
  2 2 1 1
  2 2
  ```
- 输出：
  ```
  3
  ```
- 解释：点 `(2, 2)` 被所有地毯覆盖，最上面的是第 3 张地毯。

**方案 5**：点 `(x, y)` 被部分地毯覆盖。
- 输入：
  ```
  3
  0 0 2 2
  1 1 2 2
  3 3 2 2
  1 1
  ```
- 输出：
  ```
  2
  ```
- 解释：点 `(1, 1)` 被第 1 和第 2 张地毯覆盖，最上面的是第 2 张地毯。

**方案 6**：点 `(x, y)` 未被任何地毯覆盖。
- 输入：
  ```
  2
  0 0 1 1
  2 2 1 1
  3 3
  ```
- 输出：
  ```
  -1
  ```
- 解释：点 `(3, 3)` 未被任何地毯覆盖。

---

#### **3. 地毯重叠情况测试**

**方案 7**：多张地毯完全重叠。
- 输入：
  ```
  3
  0 0 2 2
  0 0 2 2
  0 0 2 2
  1 1
  ```
- 输出：
  ```
  3
  ```
- 解释：点 `(1, 1)` 被所有地毯覆盖，最上面的是第 3 张地毯。

**方案 8**：多张地毯部分重叠。
- 输入：
  ```
  3
  0 0 2 2
  1 1 2 2
  2 2 2 2
  1 1
  ```
- 输出：
  ```
  2
  ```
- 解释：点 `(1, 1)` 被第 1 和第 2 张地毯覆盖，最上面的是第 2 张地毯。

**方案 9**：地毯边界上的点被多张地毯覆盖。
- 输入：
  ```
  2
  0 0 2 2
  1 1 2 2
  1 1
  ```
- 输出：
  ```
  2
  ```
- 解释：点 `(1, 1)` 在地毯边界上，被第 1 和第 2 张地毯覆盖，最上面的是第 2 张地毯。

---

#### **4. 特殊形状地毯测试**

**方案 10**：零面积地毯（`g = 0` 或 `k = 0`）。
- 输入：
  ```
  2
  0 0 0 2
  1 1 2 0
  1 1
  ```
- 输出：
  ```
  -1
  ```
- 解释：两张地毯的面积均为 0，点 `(1, 1)` 未被覆盖。

**方案 11**：极大面积地毯（`g = 10^5`，`k = 10^5`）。
- 输入：
  ```
  1
  0 0 100000 100000
  50000 50000
  ```
- 输出：
  ```
  1
  ```
- 解释：点 `(50000, 50000)` 被极大面积的地毯覆盖。

---

#### **5. 坐标边界测试**

**方案 12**：最小坐标点 `(0, 0)`。
- 输入：
  ```
  2
  0 0 1 1
  1 1 1 1
  0 0
  ```
- 输出：
  ```
  1
  ```
- 解释：点 `(0, 0)` 被第 1 张地毯覆盖。

**方案 13**：最大坐标点 `(10^5, 10^5)`。
- 输入：
  ```
  1
  99999 99999 1 1
  100000 100000
  ```
- 输出：
  ```
  1
  ```
- 解释：点 `(100000, 100000)` 被第 1 张地毯覆盖。

---

#### **6. 地毯顺序测试**

**方案 14**：地毯顺序影响覆盖结果。
- 输入：
  ```
  2
  0 0 2 2
  1 1 2 2
  1 1
  ```
- 输出：
  ```
  2
  ```
- 解释：点 `(1, 1)` 被第 1 和第 2 张地毯覆盖，最上面的是第 2 张地毯。

---

#### **7. 极端情况测试**

**方案 15**：所有地毯都不覆盖点 `(x, y)`。
- 输入：
  ```
  3
  0 0 1 1
  2 2 1 1
  4 4 1 1
  3 3
  ```
- 输出：
  ```
  -1
  ```
- 解释：点 `(3, 3)` 未被任何地毯覆盖。

**方案 16**：所有地毯都覆盖点 `(x, y)`。
- 输入：
  ```
  3
  0 0 3 3
  1 1 2 2
  2 2 1 1
  2 2
  ```
- 输出：
  ```
  3
  ```
- 解释：点 `(2, 2)` 被所有地毯覆盖，最上面的是第 3 张地毯。

---

### 总结

以上测试数据构造方案覆盖了边界条件、地毯覆盖情况、地毯重叠情况、特殊形状地毯、坐标边界、地毯顺序以及极端情况等多种测试需求。通过这些测试数据，可以全面验证程序的正确性和鲁棒性。
2025-01-15 18:04:23.184 | INFO     | __main__:generate_test_cases:62 - start generate
2025-01-15 18:04:41.514 | INFO     | __main__:chat:37 - Time taken by api: 18.33 seconds
2025-01-15 18:04:41.515 | INFO     | __main__:generate_test_cases:82 - 测试需求：### 测试需求分析

为了确保程序能够正确处理各种情况，我们需要生成一系列测试数据来覆盖不同的边界条件、特殊情况以及一般情况。以下是针对“铺地毯”问题的测试需求总结：

1. **边界条件测试**：
   - **最小输入规模**：测试当 `n = 0` 时，程序是否能正确处理没有地毯的情况，并输出 `-1`。
   - **最大输入规模**：测试当 `n = 10^4` 时，程序是否能处理最大规模的地毯数量，并且不会超时或内存溢出。
   - **地毯边界**：测试当点 `(x, y)` 正好位于某张地毯的边界或顶点时，程序是否能正确识别该地毯。

2. **特殊情况测试**：
   - **单张地毯**：测试当只有一张地毯时，程序是否能正确识别该地毯是否覆盖了目标点。
   - **重叠地毯**：测试当多张地毯重叠时，程序是否能正确识别最上面的地毯。
   - **无覆盖情况**：测试当目标点 `(x, y)` 没有被任何地毯覆盖时，程序是否能正确输出 `-1`。
   - **地毯完全覆盖**：测试当所有地毯完全覆盖整个区域时，程序是否能正确识别最上面的地毯。

3. **一般情况测试**：
   - **随机地毯分布**：测试当地毯随机分布时，程序是否能正确识别覆盖目标点的最上面的地毯。
   - **地毯部分重叠**：测试当部分地毯重叠时，程序是否能正确识别覆盖目标点的最上面的地毯。

4. **极端情况测试**：
   - **地毯尺寸极端**：测试当某张地毯的尺寸非常大（接近 `10^5`）时，程序是否能正确处理。
   - **地毯位置极端**：测试当某张地毯的位置非常靠近坐标轴原点或远离原点时，程序是否能正确处理。

5. **输入格式测试**：
   - **输入格式错误**：测试当输入格式不符合要求时（如缺少数据、数据格式错误等），程序是否能正确处理或报错。

6. **输出格式测试**：
   - **输出格式正确性**：测试程序是否能按照要求输出正确的整数或 `-1`。

### 测试数据生成策略

根据上述测试需求，我们可以生成以下类型的测试数据：

1. **最小规模测试数据**：
   - `n = 0`，目标点 `(x, y)` 任意。
   - `n = 1`，目标点 `(x, y)` 在地毯内、边界上、地毯外。

2. **最大规模测试数据**：
   - `n = 10^4`，目标点 `(x, y)` 在地毯内、边界上、地毯外。

3. **边界条件测试数据**：
   - 目标点 `(x, y)` 正好位于某张地毯的边界或顶点。

4. **特殊情况测试数据**：
   - 多张地毯重叠，目标点 `(x, y)` 位于重叠区域。
   - 目标点 `(x, y)` 没有被任何地毯覆盖。

5. **极端情况测试数据**：
   - 某张地毯的尺寸接近 `10^5`，目标点 `(x, y)` 在地毯内、边界上、地毯外。
   - 某张地毯的位置非常靠近坐标轴原点或远离原点。

6. **随机测试数据**：
   - 随机生成 `n` 张地毯，目标点 `(x, y)` 随机分布。

通过这些测试数据，可以全面验证程序的正确性和鲁棒性。
2025-01-15 18:05:11.390 | INFO     | __main__:chat:37 - Time taken by api: 29.87 seconds
2025-01-15 18:05:11.391 | INFO     | __main__:generate_test_cases:101 - 构造方案：### 测试数据构造方案

根据上述测试需求，以下是具体的测试数据构造方案：

---

#### **1. 最小规模测试数据**
- **测试点1**：
  - 输入：
    ```
    0
    1 1
    ```
  - 解释：没有地毯，目标点 `(1, 1)` 没有被任何地毯覆盖。
  - 预期输出：`-1`

- **测试点2**：
  - 输入：
    ```
    1
    0 0 2 2
    1 1
    ```
  - 解释：只有一张地毯，目标点 `(1, 1)` 被这张地毯覆盖。
  - 预期输出：`1`

- **测试点3**：
  - 输入：
    ```
    1
    0 0 2 2
    3 3
    ```
  - 解释：只有一张地毯，目标点 `(3, 3)` 没有被这张地毯覆盖。
  - 预期输出：`-1`

---

#### **2. 最大规模测试数据**
- **测试点4**：
  - 输入：
    ```
    10000
    （生成 10000 张地毯，每张地毯的坐标为 (0, 0, 100000, 100000)）
    50000 50000
    ```
  - 解释：10000 张地毯完全覆盖整个区域，目标点 `(50000, 50000)` 被最后一张地毯覆盖。
  - 预期输出：`10000`

- **测试点5**：
  - 输入：
    ```
    10000
    （生成 10000 张地毯，每张地毯的坐标为 (i, i, 1, 1)，其中 i 从 0 到 9999）
    5000 5000
    ```
  - 解释：10000 张地毯依次排列，目标点 `(5000, 5000)` 被第 5000 张地毯覆盖。
  - 预期输出：`5000`

---

#### **3. 边界条件测试数据**
- **测试点6**：
  - 输入：
    ```
    3
    0 0 2 2
    1 1 2 2
    2 2 2 2
    2 2
    ```
  - 解释：目标点 `(2, 2)` 位于第三张地毯的边界，被第三张地毯覆盖。
  - 预期输出：`3`

- **测试点7**：
  - 输入：
    ```
    3
    0 0 2 2
    1 1 2 2
    2 2 2 2
    0 0
    ```
  - 解释：目标点 `(0, 0)` 位于第一张地毯的边界，被第一张地毯覆盖。
  - 预期输出：`1`

---

#### **4. 特殊情况测试数据**
- **测试点8**：
  - 输入：
    ```
    3
    0 0 2 2
    1 1 2 2
    2 2 2 2
    1 1
    ```
  - 解释：目标点 `(1, 1)` 被三张地毯覆盖，最上面的是第三张地毯。
  - 预期输出：`3`

- **测试点9**：
  - 输入：
    ```
    3
    0 0 2 2
    1 1 2 2
    2 2 2 2
    3 3
    ```
  - 解释：目标点 `(3, 3)` 没有被任何地毯覆盖。
  - 预期输出：`-1`

---

#### **5. 极端情况测试数据**
- **测试点10**：
  - 输入：
    ```
    2
    0 0 100000 100000
    50000 50000 100000 100000
    99999 99999
    ```
  - 解释：两张地毯尺寸极大，目标点 `(99999, 99999)` 被第二张地毯覆盖。
  - 预期输出：`2`

- **测试点11**：
  - 输入：
    ```
    2
    0 0 1 1
    100000 100000 1 1
    100000 100000
    ```
  - 解释：第二张地毯位于坐标轴最远处，目标点 `(100000, 100000)` 被第二张地毯覆盖。
  - 预期输出：`2`

---

#### **6. 随机测试数据**
- **测试点12**：
  - 输入：
    ```
    10
    （随机生成 10 张地毯，坐标和尺寸在 [0, 100] 范围内）
    50 50
    ```
  - 解释：随机生成的地毯覆盖目标点 `(50, 50)`，输出最上面的地毯编号。
  - 预期输出：根据生成的地毯数据确定。

- **测试点13**：
  - 输入：
    ```
    100
    （随机生成 100 张地毯，坐标和尺寸在 [0, 1000] 范围内）
    500 500
    ```
  - 解释：随机生成的地毯覆盖目标点 `(500, 500)`，输出最上面的地毯编号。
  - 预期输出：根据生成的地毯数据确定。

---

#### **7. 输入格式测试数据**
- **测试点14**：
  - 输入：
    ```
    2
    0 0 2 2
    1 1 2
    1 1
    ```
  - 解释：输入格式错误，缺少一个整数。
  - 预期输出：程序应报错或处理异常。

- **测试点15**：
  - 输入：
    ```
    2
    0 0 2 2
    1 1 2 2
    1
    ```
  - 解释：输入格式错误，缺少一个整数。
  - 预期输出：程序应报错或处理异常。

---

### 总结
以上测试数据覆盖了最小规模、最大规模、边界条件、特殊情况、极端情况、随机情况以及输入格式错误等多种情况。通过这些测试数据，可以全面验证程序的正确性、鲁棒性和性能。
2025-01-15 18:07:41.481 | INFO     | __main__:generate_test_cases:62 - start generate
2025-01-15 18:07:59.626 | INFO     | __main__:chat:37 - Time taken by api: 18.15 seconds
2025-01-15 18:07:59.627 | INFO     | __main__:generate_test_cases:82 - 测试需求：### 测试需求分析

为了确保程序能够正确处理各种情况，我们需要生成覆盖以下测试需求的测试数据：

1. **边界条件测试**：
   - **最小输入**：`n = 0`，即没有地毯铺设。此时，任何查询点都应返回 `-1`。
   - **最小地毯数量**：`n = 1`，只有一张地毯。测试点是否被这张地毯覆盖。
   - **最大输入规模**：`n = 10^4`，测试程序在处理最大规模数据时的性能。

2. **地毯覆盖情况测试**：
   - **完全覆盖**：测试点被所有地毯覆盖，确保程序返回最上面的地毯编号。
   - **部分覆盖**：测试点只被部分地毯覆盖，确保程序返回最上面的地毯编号。
   - **无覆盖**：测试点不被任何地毯覆盖，确保程序返回 `-1`。

3. **地毯重叠情况测试**：
   - **完全重叠**：多张地毯完全重叠，测试点被覆盖时返回最上面的地毯编号。
   - **部分重叠**：多张地毯部分重叠，测试点被覆盖时返回最上面的地毯编号。
   - **边界重叠**：地毯的边界刚好重叠，测试点位于重叠边界时返回最上面的地毯编号。

4. **特殊几何形状测试**：
   - **地毯为点**：地毯的 `g` 或 `k` 为 `0`，即地毯退化为一个点。测试点是否被这些“点地毯”覆盖。
   - **地毯为线**：地毯的 `g` 或 `k` 为 `0`，即地毯退化为一条线。测试点是否被这些“线地毯”覆盖。
   - **地毯为矩形**：地毯为正常矩形，测试点是否被覆盖。

5. **查询点位置测试**：
   - **查询点在地毯边界**：测试点位于地毯的边界上，确保程序正确处理边界情况。
   - **查询点在地毯顶点**：测试点位于地毯的顶点上，确保程序正确处理顶点情况。
   - **查询点在地毯内部**：测试点位于地毯内部，确保程序正确处理内部点。
   - **查询点在地毯外部**：测试点位于所有地毯的外部，确保程序返回 `-1`。

6. **极端坐标测试**：
   - **最小坐标**：测试点坐标为 `(0, 0)`，确保程序正确处理最小坐标。
   - **最大坐标**：测试点坐标为 `(10^5, 10^5)`，确保程序正确处理最大坐标。
   - **负坐标**：虽然题目规定坐标在第一象限，但可以测试程序对负坐标的处理（尽管题目规定坐标非负）。

7. **性能测试**：
   - **大规模数据**：生成 `n = 10^4` 的地毯数据，测试程序在大规模数据下的运行时间和内存使用情况。

### 测试数据生成策略

根据上述测试需求，我们可以设计以下测试数据生成策略：

1. **生成不同规模的数据**：从 `n = 0` 到 `n = 10^4`，逐步增加数据规模。
2. **生成不同覆盖情况的数据**：确保测试数据中包含完全覆盖、部分覆盖、无覆盖的情况。
3. **生成不同重叠情况的数据**：确保测试数据中包含完全重叠、部分重叠、边界重叠的情况。
4. **生成特殊几何形状的数据**：确保测试数据中包含点地毯、线地毯、矩形地毯的情况。
5. **生成不同查询点位置的数据**：确保测试数据中包含边界点、顶点、内部点、外部点的情况。
6. **生成极端坐标的数据**：确保测试数据中包含最小坐标、最大坐标的情况。

通过这些测试需求的分析和测试数据的生成策略，可以确保程序在各种情况下都能正确运行。
2025-01-15 18:08:45.538 | INFO     | __main__:chat:37 - Time taken by api: 45.90 seconds
2025-01-15 18:08:45.539 | INFO     | __main__:generate_test_cases:103 - 构造方案：### 测试需求总结

根据题目描述，测试数据的测试需求可以总结为以下几个方面：

1. **边界条件测试**：
   - **最小输入**：`n = 0`，即没有地毯铺设。此时，任何查询点都应返回 `-1`。
   - **最小地毯数量**：`n = 1`，只有一张地毯。测试点是否被这张地毯覆盖。
   - **最大输入规模**：`n = 10^4`，测试程序在处理最大规模数据时的性能。

2. **地毯覆盖情况测试**：
   - **完全覆盖**：测试点被所有地毯覆盖，确保程序返回最上面的地毯编号。
   - **部分覆盖**：测试点只被部分地毯覆盖，确保程序返回最上面的地毯编号。
   - **无覆盖**：测试点不被任何地毯覆盖，确保程序返回 `-1`。

3. **地毯重叠情况测试**：
   - **完全重叠**：多张地毯完全重叠，测试点被覆盖时返回最上面的地毯编号。
   - **部分重叠**：多张地毯部分重叠，测试点被覆盖时返回最上面的地毯编号。
   - **边界重叠**：地毯的边界刚好重叠，测试点位于重叠边界时返回最上面的地毯编号。

4. **特殊几何形状测试**：
   - **地毯为点**：地毯的 `g` 或 `k` 为 `0`，即地毯退化为一个点。测试点是否被这些“点地毯”覆盖。
   - **地毯为线**：地毯的 `g` 或 `k` 为 `0`，即地毯退化为一条线。测试点是否被这些“线地毯”覆盖。
   - **地毯为矩形**：地毯为正常矩形，测试点是否被覆盖。

5. **查询点位置测试**：
   - **查询点在地毯边界**：测试点位于地毯的边界上，确保程序正确处理边界情况。
   - **查询点在地毯顶点**：测试点位于地毯的顶点上，确保程序正确处理顶点情况。
   - **查询点在地毯内部**：测试点位于地毯内部，确保程序正确处理内部点。
   - **查询点在地毯外部**：测试点位于所有地毯的外部，确保程序返回 `-1`。

6. **极端坐标测试**：
   - **最小坐标**：测试点坐标为 `(0, 0)`，确保程序正确处理最小坐标。
   - **最大坐标**：测试点坐标为 `(10^5, 10^5)`，确保程序正确处理最大坐标。
   - **负坐标**：虽然题目规定坐标在第一象限，但可以测试程序对负坐标的处理（尽管题目规定坐标非负）。

7. **性能测试**：
   - **大规模数据**：生成 `n = 10^4` 的地毯数据，测试程序在大规模数据下的运行时间和内存使用情况。

### 测试数据生成策略

根据上述测试需求，我们可以设计以下测试数据生成策略：

1. **生成不同规模的数据**：从 `n = 0` 到 `n = 10^4`，逐步增加数据规模。
2. **生成不同覆盖情况的数据**：确保测试数据中包含完全覆盖、部分覆盖、无覆盖的情况。
3. **生成不同重叠情况的数据**：确保测试数据中包含完全重叠、部分重叠、边界重叠的情况。
4. **生成特殊几何形状的数据**：确保测试数据中包含点地毯、线地毯、矩形地毯的情况。
5. **生成不同查询点位置的数据**：确保测试数据中包含边界点、顶点、内部点、外部点的情况。
6. **生成极端坐标的数据**：确保测试数据中包含最小坐标、最大坐标的情况。

### 具体测试数据构造方案

#### 1. 边界条件测试
- **测试点1**：`n = 0`，查询点 `(1, 1)`，预期输出 `-1`。
- **测试点2**：`n = 1`，地毯 `(0, 0, 2, 2)`，查询点 `(1, 1)`，预期输出 `1`。
- **测试点3**：`n = 1`，地毯 `(0, 0, 2, 2)`，查询点 `(3, 3)`，预期输出 `-1`。
- **测试点4**：`n = 10^4`，所有地毯 `(0, 0, 1, 1)`，查询点 `(0.5, 0.5)`，预期输出 `10000`。
- **测试点5**：`n = 10^4`，所有地毯 `(0, 0, 1, 1)`，查询点 `(2, 2)`，预期输出 `-1`。

#### 2. 地毯覆盖情况测试
- **测试点6**：`n = 3`，地毯 `(0, 0, 2, 2)`、`(1, 1, 2, 2)`、`(2, 2, 2, 2)`，查询点 `(1.5, 1.5)`，预期输出 `3`。
- **测试点7**：`n = 3`，地毯 `(0, 0, 2, 2)`、`(1, 1, 2, 2)`、`(2, 2, 2, 2)`，查询点 `(0.5, 0.5)`，预期输出 `2`。
- **测试点8**：`n = 3`，地毯 `(0, 0, 2, 2)`、`(1, 1, 2, 2)`、`(2, 2, 2, 2)`，查询点 `(3, 3)`，预期输出 `-1`。

#### 3. 地毯重叠情况测试
- **测试点9**：`n = 3`，地毯 `(0, 0, 2, 2)`、`(0, 0, 2, 2)`、`(0, 0, 2, 2)`，查询点 `(1, 1)`，预期输出 `3`。
- **测试点10**：`n = 3`，地毯 `(0, 0, 2, 2)`、`(1, 1, 2, 2)`、`(2, 2, 2, 2)`，查询点 `(1, 1)`，预期输出 `3`。
- **测试点11**：`n = 3`，地毯 `(0, 0, 2, 2)`、`(1, 1, 2, 2)`、`(2, 2, 2, 2)`，查询点 `(2, 2)`，预期输出 `3`。

#### 4. 特殊几何形状测试
- **测试点12**：`n = 1`，地毯 `(1, 1, 0, 0)`，查询点 `(1, 1)`，预期输出 `1`。
- **测试点13**：`n = 1`，地毯 `(1, 1, 0, 0)`，查询点 `(2, 2)`，预期输出 `-1`。
- **测试点14**：`n = 1`，地毯 `(1, 1, 1, 0)`，查询点 `(1.5, 1)`，预期输出 `1`。
- **测试点15**：`n = 1`，地毯 `(1, 1, 1, 0)`，查询点 `(2, 2)`，预期输出 `-1`。
- **测试点16**：`n = 1`，地毯 `(1, 1, 1, 1)`，查询点 `(1.5, 1.5)`，预期输出 `1`。

#### 5. 查询点位置测试
- **测试点17**：`n = 1`，地毯 `(0, 0, 2, 2)`，查询点 `(0, 0)`，预期输出 `1`。
- **测试点18**：`n = 1`，地毯 `(0, 0, 2, 2)`，查询点 `(2, 2)`，预期输出 `1`。
- **测试点19**：`n = 1`，地毯 `(0, 0, 2, 2)`，查询点 `(1, 1)`，预期输出 `1`。
- **测试点20**：`n = 1`，地毯 `(0, 0, 2, 2)`，查询点 `(3, 3)`，预期输出 `-1`。

#### 6. 极端坐标测试
- **测试点21**：`n = 1`，地毯 `(0, 0, 10^5, 10^5)`，查询点 `(0, 0)`，预期输出 `1`。
- **测试点22**：`n = 1`，地毯 `(0, 0, 10^5, 10^5)`，查询点 `(10^5, 10^5)`，预期输出 `1`。
- **测试点23**：`n = 1`，地毯 `(0, 0, 10^5, 10^5)`，查询点 `(10^5 + 1, 10^5 + 1)`，预期输出 `-1`。

#### 7. 性能测试
- **测试点24**：`n = 10^4`，所有地毯 `(0, 0, 1, 1)`，查询点 `(0.5, 0.5)`，预期输出 `10000`。
- **测试点25**：`n = 10^4`，所有地毯 `(0, 0, 1, 1)`，查询点 `(2, 2)`，预期输出 `-1`。

通过这些测试数据构造方案，可以全面覆盖题目中的各种情况，确保程序在不同场景下都能正确运行。
2025-01-15 18:11:14.090 | INFO     | __main__:generate_test_cases:62 - start generate
2025-01-15 18:11:26.451 | INFO     | __main__:chat:37 - Time taken by api: 12.36 seconds
2025-01-15 18:11:26.451 | INFO     | __main__:generate_test_cases:82 - 测试需求：### 测试需求分析

为了确保程序能够正确处理各种情况，我们需要生成覆盖以下测试需求的测试数据：

1. **边界条件测试**：
   - 没有地毯的情况（`n = 0`），检查程序是否能正确处理并输出 `-1`。
   - 只有一张地毯的情况（`n = 1`），检查程序是否能正确识别该地毯是否覆盖目标点。
   - 地毯数量达到最大值（`n = 10^4`），检查程序是否能处理大规模输入。

2. **地毯覆盖范围测试**：
   - 目标点位于某张地毯的边界上，检查程序是否能正确识别该地毯。
   - 目标点位于多张地毯的重叠区域，检查程序是否能正确识别最上面的地毯。
   - 目标点位于所有地毯的覆盖范围之外，检查程序是否能正确输出 `-1`。

3. **地毯重叠情况测试**：
   - 多张地毯完全重叠，检查程序是否能正确识别最上面的地毯。
   - 多张地毯部分重叠，检查程序是否能正确识别最上面的地毯。
   - 地毯之间没有重叠，检查程序是否能正确识别覆盖目标点的地毯。

4. **特殊形状地毯测试**：
   - 地毯的宽度或高度为 0，检查程序是否能正确处理这种特殊情况。
   - 地毯的宽度或高度为最大值（`g = 10^5` 或 `k = 10^5`），检查程序是否能处理大尺寸地毯。

5. **目标点位置测试**：
   - 目标点位于坐标原点 `(0, 0)`，检查程序是否能正确处理。
   - 目标点位于坐标轴上的某一点，检查程序是否能正确处理。
   - 目标点位于地毯的四个顶点之一，检查程序是否能正确识别覆盖该点的地毯。

6. **输入数据范围测试**：
   - 地毯的坐标和尺寸达到最大值（`a = 10^5`, `b = 10^5`, `g = 10^5`, `k = 10^5`），检查程序是否能处理大范围输入。
   - 目标点的坐标达到最大值（`x = 10^5`, `y = 10^5`），检查程序是否能处理大范围输入。

7. **随机生成测试**：
   - 随机生成多组数据，确保程序在各种随机情况下都能正确运行。

### 总结

通过以上测试需求的分析，我们可以生成覆盖各种边界条件、特殊情况和大规模输入的测试数据，以确保程序在不同情况下都能正确运行并输出正确的结果。
2025-01-15 18:11:58.619 | INFO     | __main__:chat:37 - Time taken by api: 32.16 seconds
2025-01-15 18:11:58.620 | INFO     | __main__:generate_test_cases:104 - 构造方案：### 测试数据构造方案

根据上述测试需求，以下是具体的测试数据构造方案：

---

#### **1. 边界条件测试**

**方案 1.1**：没有地毯的情况  
- 输入：
  ```
  0
  1 1
  ```
- 解释：没有地毯，目标点 `(1, 1)` 未被任何地毯覆盖，应输出 `-1`。

**方案 1.2**：只有一张地毯的情况  
- 输入：
  ```
  1
  0 0 2 2
  1 1
  ```
- 解释：只有一张地毯 `(0, 0, 2, 2)`，目标点 `(1, 1)` 被覆盖，应输出 `1`。

**方案 1.3**：地毯数量达到最大值（`n = 10^4`）  
- 输入：
  ```
  10000
  （生成 10000 张地毯，每张地毯的坐标为 `(i, i, 1, 1)`，其中 `i` 从 0 到 9999）
  5000 5000
  ```
- 解释：目标点 `(5000, 5000)` 被第 5000 张地毯覆盖，应输出 `5000`。

---

#### **2. 地毯覆盖范围测试**

**方案 2.1**：目标点位于某张地毯的边界上  
- 输入：
  ```
  3
  0 0 2 2
  1 1 2 2
  2 2 2 2
  2 2
  ```
- 解释：目标点 `(2, 2)` 位于第 3 张地毯的边界上，应输出 `3`。

**方案 2.2**：目标点位于多张地毯的重叠区域  
- 输入：
  ```
  3
  0 0 3 3
  1 1 3 3
  2 2 3 3
  2 2
  ```
- 解释：目标点 `(2, 2)` 被第 1、2、3 张地毯覆盖，最上面的是第 3 张地毯，应输出 `3`。

**方案 2.3**：目标点位于所有地毯的覆盖范围之外  
- 输入：
  ```
  2
  0 0 1 1
  2 2 1 1
  3 3
  ```
- 解释：目标点 `(3, 3)` 未被任何地毯覆盖，应输出 `-1`。

---

#### **3. 地毯重叠情况测试**

**方案 3.1**：多张地毯完全重叠  
- 输入：
  ```
  3
  0 0 2 2
  0 0 2 2
  0 0 2 2
  1 1
  ```
- 解释：目标点 `(1, 1)` 被第 1、2、3 张地毯完全覆盖，最上面的是第 3 张地毯，应输出 `3`。

**方案 3.2**：多张地毯部分重叠  
- 输入：
  ```
  3
  0 0 2 2
  1 1 2 2
  2 2 2 2
  1 1
  ```
- 解释：目标点 `(1, 1)` 被第 1、2 张地毯覆盖，最上面的是第 2 张地毯，应输出 `2`。

**方案 3.3**：地毯之间没有重叠  
- 输入：
  ```
  3
  0 0 1 1
  2 2 1 1
  4 4 1 1
  2 2
  ```
- 解释：目标点 `(2, 2)` 只被第 2 张地毯覆盖，应输出 `2`。

---

#### **4. 特殊形状地毯测试**

**方案 4.1**：地毯的宽度或高度为 0  
- 输入：
  ```
  2
  0 0 0 2
  1 1 2 0
  1 1
  ```
- 解释：目标点 `(1, 1)` 未被任何地毯覆盖（因为地毯宽度或高度为 0），应输出 `-1`。

**方案 4.2**：地毯的宽度或高度为最大值（`g = 10^5` 或 `k = 10^5`）  
- 输入：
  ```
  1
  0 0 100000 100000
  50000 50000
  ```
- 解释：目标点 `(50000, 50000)` 被第 1 张地毯覆盖，应输出 `1`。

---

#### **5. 目标点位置测试**

**方案 5.1**：目标点位于坐标原点 `(0, 0)`  
- 输入：
  ```
  2
  0 0 2 2
  1 1 2 2
  0 0
  ```
- 解释：目标点 `(0, 0)` 被第 1 张地毯覆盖，应输出 `1`。

**方案 5.2**：目标点位于坐标轴上的某一点  
- 输入：
  ```
  2
  0 0 2 2
  1 1 2 2
  2 0
  ```
- 解释：目标点 `(2, 0)` 被第 1 张地毯覆盖，应输出 `1`。

**方案 5.3**：目标点位于地毯的四个顶点之一  
- 输入：
  ```
  2
  0 0 2 2
  1 1 2 2
  2 2
  ```
- 解释：目标点 `(2, 2)` 被第 2 张地毯覆盖，应输出 `2`。

---

#### **6. 输入数据范围测试**

**方案 6.1**：地毯的坐标和尺寸达到最大值  
- 输入：
  ```
  1
  100000 100000 100000 100000
  150000 150000
  ```
- 解释：目标点 `(150000, 150000)` 被第 1 张地毯覆盖，应输出 `1`。

**方案 6.2**：目标点的坐标达到最大值  
- 输入：
  ```
  1
  0 0 100000 100000
  100000 100000
  ```
- 解释：目标点 `(100000, 100000)` 被第 1 张地毯覆盖，应输出 `1`。

---

#### **7. 随机生成测试**

**方案 7.1**：随机生成多组数据  
- 生成 100 组随机数据，每组数据包含 `n` 张地毯（`n` 从 1 到 1000），地毯的坐标和尺寸随机生成，目标点随机生成。
- 解释：确保程序在各种随机情况下都能正确运行。

---

### 总结

以上测试数据构造方案覆盖了边界条件、特殊情况、大规模输入和随机数据等多种情况，能够全面测试程序的正确性和鲁棒性。
2025-01-16 20:25:48.285 | INFO     | __main__:generate_test_cases:62 - start generate
2025-01-16 20:26:06.633 | INFO     | __main__:chat:37 - Time taken by api: 18.34 seconds
2025-01-16 20:26:06.633 | INFO     | __main__:generate_test_cases:82 - 测试需求：### 测试需求分析

为了确保程序能够正确处理各种情况，我们需要生成一系列测试数据来覆盖不同的边界条件、特殊情况以及一般情况。以下是针对“铺地毯”问题的测试需求总结：

#### 1. **边界条件测试**
   - **最小输入规模**：`n = 0`，即没有地毯铺设。此时，任何查询点都应返回 `-1`。
   - **最小地毯数量**：`n = 1`，只有一张地毯。测试点应覆盖地毯的边界、内部以及外部。
   - **最大输入规模**：`n = 10^4`，测试程序在处理大量地毯时的性能。

#### 2. **地毯覆盖情况测试**
   - **完全覆盖**：测试点位于某张地毯的内部，且该地毯是最上面的一张。
   - **部分覆盖**：测试点位于多张地毯的重叠区域，确保程序能正确返回最上面的地毯编号。
   - **边界覆盖**：测试点位于某张地毯的边界或顶点，确保程序能正确处理边界情况。
   - **无覆盖**：测试点位于所有地毯的外部，确保程序返回 `-1`。

#### 3. **地毯重叠情况测试**
   - **完全重叠**：多张地毯完全重叠，测试点位于重叠区域，确保程序能正确返回最上面的地毯编号。
   - **部分重叠**：多张地毯部分重叠，测试点位于重叠区域，确保程序能正确处理重叠情况。
   - **无重叠**：多张地毯没有重叠，测试点位于某张地毯的内部或外部，确保程序能正确处理无重叠情况。

#### 4. **特殊形状地毯测试**
   - **零面积地毯**：某张地毯的 `g` 或 `k` 为 `0`，即地毯没有面积。测试点位于该地毯的“边界”或“内部”，确保程序能正确处理这种情况。
   - **极大面积地毯**：某张地毯的 `g` 或 `k` 达到最大值 `10^5`，测试点位于该地毯的内部或外部，确保程序能正确处理极大面积的地毯。

#### 5. **查询点位置测试**
   - **查询点位于坐标原点**：`(0, 0)`，确保程序能正确处理坐标原点的情况。
   - **查询点位于坐标轴边界**：`(x, 0)` 或 `(0, y)`，确保程序能正确处理坐标轴上的点。
   - **查询点位于地毯的边界**：测试点位于某张地毯的边界或顶点，确保程序能正确处理边界情况。
   - **查询点位于地毯的外部**：测试点位于所有地毯的外部，确保程序返回 `-1`。

#### 6. **性能测试**
   - **大规模数据测试**：`n = 10^4`，且每张地毯的 `a, b, g, k` 都接近最大值 `10^5`，测试程序在处理大规模数据时的性能。
   - **极端重叠情况**：所有地毯完全重叠，测试点位于重叠区域，确保程序能正确处理极端重叠情况。

#### 7. **特殊情况测试**
   - **所有地毯都不覆盖查询点**：确保程序返回 `-1`。
   - **查询点位于多张地毯的重叠区域**：确保程序能正确返回最上面的地毯编号。
   - **查询点位于某张地毯的内部，但该地毯不是最上面的**：确保程序能正确处理这种情况。

### 总结
通过以上测试需求，我们可以生成一系列测试数据，确保程序能够正确处理各种边界条件、特殊情况以及一般情况。这些测试数据应覆盖最小输入规模、最大输入规模、地毯覆盖情况、地毯重叠情况、特殊形状地毯、查询点位置、性能测试以及特殊情况测试。
2025-01-16 20:26:47.760 | INFO     | __main__:chat:37 - Time taken by api: 41.12 seconds
2025-01-16 20:26:47.761 | INFO     | __main__:generate_test_cases:105 - 构造方案：以下是针对“铺地毯”问题的测试数据构造方案。这些方案覆盖了边界条件、特殊情况、一般情况以及性能测试需求，确保程序能够正确处理各种情况。

---

### **1. 边界条件测试**
#### **1.1 最小输入规模（`n = 0`）**
- **方案 1**：
  - 输入：
    ```
    0
    1 1
    ```
  - 说明：没有地毯，查询点 `(1, 1)` 应返回 `-1`。

- **方案 2**：
  - 输入：
    ```
    0
    0 0
    ```
  - 说明：没有地毯，查询点 `(0, 0)` 应返回 `-1`。

- **方案 3**：
  - 输入：
    ```
    0
    100000 100000
    ```
  - 说明：没有地毯，查询点 `(100000, 100000)` 应返回 `-1`。

#### **1.2 最小地毯数量（`n = 1`）**
- **方案 4**：
  - 输入：
    ```
    1
    0 0 10 10
    5 5
    ```
  - 说明：一张地毯覆盖查询点 `(5, 5)`，应返回 `1`。

- **方案 5**：
  - 输入：
    ```
    1
    0 0 10 10
    15 15
    ```
  - 说明：一张地毯不覆盖查询点 `(15, 15)`，应返回 `-1`。

- **方案 6**：
  - 输入：
    ```
    1
    0 0 10 10
    10 10
    ```
  - 说明：查询点位于地毯的边界，应返回 `1`。

- **方案 7**：
  - 输入：
    ```
    1
    0 0 0 0
    0 0
    ```
  - 说明：地毯面积为 `0`，查询点位于“边界”，应返回 `1`。

- **方案 8**：
  - 输入：
    ```
    1
    100000 100000 0 0
    100000 100000
    ```
  - 说明：地毯面积为 `0`，查询点位于“边界”，应返回 `1`。

---

### **2. 地毯覆盖情况测试**
#### **2.1 完全覆盖**
- **方案 9**：
  - 输入：
    ```
    3
    0 0 10 10
    5 5 10 10
    2 2 5 5
    3 3
    ```
  - 说明：查询点 `(3, 3)` 被 `3` 号地毯覆盖，应返回 `3`。

- **方案 10**：
  - 输入：
    ```
    3
    0 0 10 10
    5 5 10 10
    2 2 5 5
    7 7
    ```
  - 说明：查询点 `(7, 7)` 被 `2` 号地毯覆盖，应返回 `2`。

#### **2.2 部分覆盖**
- **方案 11**：
  - 输入：
    ```
    3
    0 0 10 10
    5 5 10 10
    2 2 5 5
    6 6
    ```
  - 说明：查询点 `(6, 6)` 被 `2` 号和 `3` 号地毯覆盖，应返回 `2`。

- **方案 12**：
  - 输入：
    ```
    3
    0 0 10 10
    5 5 10 10
    2 2 5 5
    4 4
    ```
  - 说明：查询点 `(4, 4)` 被 `1` 号和 `3` 号地毯覆盖，应返回 `3`。

#### **2.3 边界覆盖**
- **方案 13**：
  - 输入：
    ```
    3
    0 0 10 10
    5 5 10 10
    2 2 5 5
    5 5
    ```
  - 说明：查询点 `(5, 5)` 位于 `2` 号地毯的边界，应返回 `2`。

- **方案 14**：
  - 输入：
    ```
    3
    0 0 10 10
    5 5 10 10
    2 2 5 5
    10 10
    ```
  - 说明：查询点 `(10, 10)` 位于 `1` 号地毯的边界，应返回 `1`。

#### **2.4 无覆盖**
- **方案 15**：
  - 输入：
    ```
    3
    0 0 10 10
    5 5 10 10
    2 2 5 5
    15 15
    ```
  - 说明：查询点 `(15, 15)` 未被任何地毯覆盖，应返回 `-1`。

---

### **3. 地毯重叠情况测试**
#### **3.1 完全重叠**
- **方案 16**：
  - 输入：
    ```
    3
    0 0 10 10
    0 0 10 10
    0 0 10 10
    5 5
    ```
  - 说明：所有地毯完全重叠，查询点 `(5, 5)` 应返回 `3`。

#### **3.2 部分重叠**
- **方案 17**：
  - 输入：
    ```
    3
    0 0 10 10
    5 5 10 10
    2 2 5 5
    6 6
    ```
  - 说明：查询点 `(6, 6)` 被 `2` 号和 `3` 号地毯覆盖，应返回 `2`。

#### **3.3 无重叠**
- **方案 18**：
  - 输入：
    ```
    3
    0 0 10 10
    20 20 10 10
    40 40 10 10
    5 5
    ```
  - 说明：查询点 `(5, 5)` 只被 `1` 号地毯覆盖，应返回 `1`。

---

### **4. 特殊形状地毯测试**
#### **4.1 零面积地毯**
- **方案 19**：
  - 输入：
    ```
    2
    0 0 0 0
    5 5 10 10
    0 0
    ```
  - 说明：`1` 号地毯面积为 `0`，查询点 `(0, 0)` 应返回 `1`。

#### **4.2 极大面积地毯**
- **方案 20**：
  - 输入：
    ```
    2
    0 0 100000 100000
    50000 50000 100000 100000
    75000 75000
    ```
  - 说明：查询点 `(75000, 75000)` 被 `2` 号地毯覆盖，应返回 `2`。

---

### **5. 性能测试**
#### **5.1 大规模数据测试**
- **方案 21**：
  - 输入：
    ```
    10000
    [生成 10000 张地毯，每张地毯的 a, b, g, k 随机在 0 到 100000 之间]
    50000 50000
    ```
  - 说明：测试程序在处理大规模数据时的性能。

#### **5.2 极端重叠情况**
- **方案 22**：
  - 输入：
    ```
    10000
    [生成 10000 张完全重叠的地毯，a=0, b=0, g=100000, k=100000]
    50000 50000
    ```
  - 说明：测试程序在处理极端重叠情况时的性能。

---

### **6. 随机数据测试**
- **方案 23**：
  - 输入：
    ```
    1000
    [生成 1000 张随机地毯，a, b, g, k 随机在 0 到 100000 之间]
    [随机生成查询点 (x, y)]
    ```
  - 说明：测试程序在随机数据下的正确性和性能。

---

### **总结**
以上方案覆盖了所有测试需求，包括边界条件、特殊情况、一般情况以及性能测试。通过这些方案，可以生成全面的测试数据，确保程序的正确性和鲁棒性。
2025-01-16 20:29:14.260 | INFO     | __main__:generate_test_cases:62 - start generate
2025-01-16 20:29:28.970 | INFO     | __main__:chat:37 - Time taken by api: 14.71 seconds
2025-01-16 20:29:28.971 | INFO     | __main__:generate_test_cases:82 - 测试需求：### 测试需求分析

为了确保题目“铺地毯”的正确性和鲁棒性，测试数据需要覆盖多种情况，包括基础情况、边界条件和特殊情况。以下是测试需求的总结：

1. **基础情况**：
   - 测试点被一张地毯覆盖，且该地毯是唯一覆盖该点的地毯。
   - 测试点被多张地毯覆盖，确保输出的是最上面的地毯编号。
   - 测试点没有被任何地毯覆盖，确保输出 `-1`。

2. **边界条件**：
   - 地毯的数量达到题目规定的最大值（$n = 10^4$）。
   - 地毯的坐标和尺寸达到题目规定的最大值（$a, b, g, k = 10^5$）。
   - 测试点的坐标达到题目规定的最大值（$x, y = 10^5$）。
   - 地毯的尺寸为最小值（$g = 1$ 或 $k = 1$），即地毯是一个点或一条线。
   - 测试点位于地毯的边界或顶点上。

3. **特殊情况**：
   - 只有一张地毯，测试点被该地毯覆盖。
   - 只有一张地毯，测试点没有被该地毯覆盖。
   - 多张地毯完全重叠，测试点被这些地毯覆盖，确保输出最上面的地毯编号。
   - 多张地毯部分重叠，测试点位于重叠区域，确保输出最上面的地毯编号。
   - 多张地毯不重叠，测试点被其中一张地毯覆盖。
   - 多张地毯不重叠，测试点没有被任何地毯覆盖。
   - 地毯的尺寸为0（$g = 0$ 或 $k = 0$），即地毯不存在，测试点是否被覆盖。
   - 测试点位于坐标原点 $(0, 0)$，确保正确处理边界情况。
   - 测试点位于坐标轴上的某一点，确保正确处理边界情况。

4. **极端情况**：
   - 所有地毯的尺寸和位置完全相同，测试点被覆盖，确保输出最上面的地毯编号。
   - 所有地毯的尺寸和位置完全相同，测试点没有被覆盖，确保输出 `-1`。
   - 地毯的尺寸非常大，覆盖整个区域，测试点被覆盖，确保输出最上面的地毯编号。
   - 地毯的尺寸非常大，覆盖整个区域，测试点没有被覆盖，确保输出 `-1`。

5. **性能测试**：
   - 地毯数量达到最大值（$n = 10^4$），且每张地毯的尺寸和位置随机，测试点被覆盖，确保程序在时间限制内完成计算。
   - 地毯数量达到最大值（$n = 10^4$），且每张地毯的尺寸和位置随机，测试点没有被覆盖，确保程序在时间限制内完成计算。

### 总结

测试数据需要覆盖各种可能的情况，包括基础情况、边界条件、特殊情况和极端情况，以确保程序能够正确处理所有可能的输入，并且在性能上满足题目的要求。
2025-01-16 20:30:12.545 | INFO     | __main__:chat:37 - Time taken by api: 43.57 seconds
2025-01-16 20:30:12.546 | INFO     | __main__:generate_test_cases:108 - 构造方案：以下是针对题目“铺地毯”的测试数据构造方案。每个方案都详细描述了如何生成测试数据，并确保覆盖测试需求中提到的各种情况。

---

### 方案 1：基础情况 - 单张地毯覆盖测试点
- **描述**：测试点被一张地毯覆盖，且该地毯是唯一覆盖该点的地毯。
- **构造方法**：
  - 生成一张地毯，确保测试点位于该地毯的范围内。
  - 测试点坐标为 $(x, y)$，地毯的左下角坐标为 $(a, b)$，尺寸为 $(g, k)$，满足 $a \le x < a + g$ 且 $b \le y < b + k$。
- **示例**：
  - 输入：
    ```
    1
    1 1 3 3
    2 2
    ```
  - 输出：
    ```
    1
    ```

---

### 方案 2：基础情况 - 多张地毯覆盖测试点
- **描述**：测试点被多张地毯覆盖，确保输出的是最上面的地毯编号。
- **构造方法**：
  - 生成多张地毯，确保测试点位于所有地毯的范围内。
  - 地毯的编号从小到大依次铺设，最后一张地毯覆盖测试点。
- **示例**：
  - 输入：
    ```
    3
    1 1 3 3
    2 2 3 3
    3 3 3 3
    4 4
    ```
  - 输出：
    ```
    3
    ```

---

### 方案 3：基础情况 - 测试点未被任何地毯覆盖
- **描述**：测试点没有被任何地毯覆盖，确保输出 `-1`。
- **构造方法**：
  - 生成多张地毯，确保测试点位于所有地毯的范围外。
- **示例**：
  - 输入：
    ```
    2
    1 1 2 2
    5 5 2 2
    4 4
    ```
  - 输出：
    ```
    -1
    ```

---

### 方案 4：边界情况 - 地毯数量达到最大值
- **描述**：地毯数量达到题目规定的最大值（$n = 10^4$）。
- **构造方法**：
  - 生成 $10^4$ 张地毯，确保测试点被最后一张地毯覆盖。
  - 每张地毯的尺寸和位置随机生成，但最后一张地毯覆盖测试点。
- **示例**：
  - 输入：
    ```
    10000
    （生成 10000 张地毯，最后一张地毯覆盖测试点）
    50000 50000
    ```
  - 输出：
    ```
    10000
    ```

---

### 方案 5：边界情况 - 地毯尺寸达到最大值
- **描述**：地毯的尺寸达到题目规定的最大值（$g, k = 10^5$）。
- **构造方法**：
  - 生成一张地毯，尺寸为 $10^5 \times 10^5$，确保测试点位于该地毯的范围内。
- **示例**：
  - 输入：
    ```
    1
    0 0 100000 100000
    50000 50000
    ```
  - 输出：
    ```
    1
    ```

---

### 方案 6：边界情况 - 测试点位于地毯边界
- **描述**：测试点位于地毯的边界或顶点上。
- **构造方法**：
  - 生成一张地毯，确保测试点位于地毯的边界或顶点。
- **示例**：
  - 输入：
    ```
    1
    1 1 3 3
    1 1
    ```
  - 输出：
    ```
    1
    ```

---

### 方案 7：特殊情况 - 只有一张地毯
- **描述**：只有一张地毯，测试点被该地毯覆盖。
- **构造方法**：
  - 生成一张地毯，确保测试点位于该地毯的范围内。
- **示例**：
  - 输入：
    ```
    1
    1 1 3 3
    2 2
    ```
  - 输出：
    ```
    1
    ```

---

### 方案 8：特殊情况 - 多张地毯完全重叠
- **描述**：多张地毯完全重叠，测试点被这些地毯覆盖，确保输出最上面的地毯编号。
- **构造方法**：
  - 生成多张地毯，确保所有地毯的左下角坐标和尺寸完全相同。
- **示例**：
  - 输入：
    ```
    3
    1 1 3 3
    1 1 3 3
    1 1 3 3
    2 2
    ```
  - 输出：
    ```
    3
    ```

---

### 方案 9：特殊情况 - 地毯尺寸为0
- **描述**：地毯的尺寸为0（$g = 0$ 或 $k = 0$），即地毯不存在。
- **构造方法**：
  - 生成一张地毯，尺寸为 $0 \times 0$，确保测试点不被覆盖。
- **示例**：
  - 输入：
    ```
    1
    1 1 0 0
    2 2
    ```
  - 输出：
    ```
    -1
    ```

---

### 方案 10：极端情况 - 所有地毯覆盖整个区域
- **描述**：所有地毯的尺寸非常大，覆盖整个区域，测试点被覆盖。
- **构造方法**：
  - 生成多张地毯，每张地毯的尺寸为 $10^5 \times 10^5$，确保测试点被最后一张地毯覆盖。
- **示例**：
  - 输入：
    ```
    3
    0 0 100000 100000
    0 0 100000 100000
    0 0 100000 100000
    50000 50000
    ```
  - 输出：
    ```
    3
    ```

---

### 方案 11：性能测试 - 地毯数量达到最大值
- **描述**：地毯数量达到最大值（$n = 10^4$），且每张地毯的尺寸和位置随机。
- **构造方法**：
  - 生成 $10^4$ 张地毯，每张地毯的尺寸和位置随机生成，确保测试点被最后一张地毯覆盖。
- **示例**：
  - 输入：
    ```
    10000
    （生成 10000 张随机地毯，最后一张地毯覆盖测试点）
    50000 50000
    ```
  - 输出：
    ```
    10000
    ```

---

### 方案 12：性能测试 - 测试点位于坐标原点
- **描述**：测试点位于坐标原点 $(0, 0)$，确保正确处理边界情况。
- **构造方法**：
  - 生成多张地毯，确保测试点 $(0, 0)$ 被最后一张地毯覆盖。
- **示例**：
  - 输入：
    ```
    3
    0 0 3 3
    0 0 2 2
    0 0 1 1
    0 0
    ```
  - 输出：
    ```
    3
    ```

---

### 方案 13：性能测试 - 测试点位于坐标轴上
- **描述**：测试点位于坐标轴上的某一点，确保正确处理边界情况。
- **构造方法**：
  - 生成多张地毯，确保测试点 $(x, 0)$ 或 $(0, y)$ 被最后一张地毯覆盖。
- **示例**：
  - 输入：
    ```
    3
    0 0 3 3
    0 0 2 2
    0 0 1 1
    2 0
    ```
  - 输出：
    ```
    3
    ```

---

### 方案 14：随机数据 - 地毯数量和尺寸随机
- **描述**：地毯数量和尺寸随机生成，测试点随机选择。
- **构造方法**：
  - 随机生成 $n$ 张地毯，$n$ 的范围为 $1 \le n \le 10^4$。
  - 每张地毯的尺寸和位置随机生成，测试点随机选择。
- **示例**：
  - 输入：
    ```
    100
    （生成 100 张随机地毯）
    12345 67890
    ```
  - 输出：
    ```
    （根据覆盖情况输出）
    ```

---

### 方案 15：特殊数据 - 地毯尺寸为1
- **描述**：地毯的尺寸为 $1 \times 1$，即地毯是一个点。
- **构造方法**：
  - 生成多张尺寸为 $1 \times 1$ 的地毯，确保测试点被最后一张地毯覆盖。
- **示例**：
  - 输入：
    ```
    3
    1 1 1 1
    2 2 1 1
    3 3 1 1
    3 3
    ```
  - 输出：
    ```
    3
    ```

---

以上方案覆盖了测试需求中提到的各种情况，包括基础情况、边界条件、特殊情况和极端情况。通过这些方案生成的测试数据可以全面验证程序的正确性和性能。
2025-01-16 20:35:19.571 | INFO     | __main__:generate_test_cases:62 - start generate
2025-01-16 20:35:35.962 | INFO     | __main__:chat:37 - Time taken by api: 16.39 seconds
2025-01-16 20:35:35.963 | INFO     | __main__:generate_test_cases:82 - 测试需求：### 测试需求分析

为了确保程序能够正确处理各种情况，我们需要生成一系列测试数据来覆盖不同的边界条件、特殊情况以及一般情况。以下是针对该题目的测试需求总结：

#### 1. **边界条件测试**
   - **最小输入规模**：`n = 0`，即没有地毯铺设。此时，任何查询点都应返回 `-1`。
   - **最大输入规模**：`n = 10^4`，即地毯数量达到题目规定的最大值。确保程序能够处理大规模输入。
   - **地毯尺寸最小**：`g = 0` 或 `k = 0`，即地毯在某个方向上的长度为0。这种情况下，地毯实际上是一个点或一条线。
   - **地毯尺寸最大**：`g = 10^5` 或 `k = 10^5`，即地毯在某个方向上的长度达到最大值。
   - **查询点在边界上**：查询点位于某张地毯的边界或顶点上，确保程序能够正确处理边界情况。

#### 2. **特殊情况测试**
   - **查询点未被任何地毯覆盖**：确保程序能够正确返回 `-1`。
   - **查询点被多张地毯覆盖**：确保程序能够正确返回最上面的地毯编号。
   - **地毯完全重叠**：多张地毯完全重叠，确保程序能够正确处理覆盖顺序。
   - **地毯部分重叠**：多张地毯部分重叠，确保程序能够正确处理覆盖顺序。
   - **地毯不重叠**：多张地毯完全不重叠，确保程序能够正确处理覆盖顺序。
   - **地毯覆盖整个区域**：某张地毯覆盖整个查询区域，确保程序能够正确处理这种情况。
   - **地毯覆盖查询点的边缘**：查询点位于某张地毯的边缘，确保程序能够正确处理这种情况。

#### 3. **一般情况测试**
   - **随机生成的地毯和查询点**：生成随机的地毯位置和尺寸，以及随机的查询点，确保程序能够正确处理一般情况。
   - **地毯覆盖顺序测试**：确保程序能够正确处理地毯的铺设顺序，后铺设的地毯覆盖前面的地毯。

#### 4. **性能测试**
   - **大规模数据测试**：生成 `n = 10^4` 的地毯数据，确保程序能够在合理时间内处理大规模输入。
   - **查询点位于多个地毯覆盖区域**：确保程序能够高效地处理查询点被多张地毯覆盖的情况。

### 测试数据生成策略
根据上述测试需求，可以生成以下类型的测试数据：
1. **边界条件测试数据**：
   - `n = 0`，查询点任意。
   - `n = 10^4`，地毯尺寸和位置随机，查询点随机。
   - 地毯尺寸为 `0` 或 `10^5`，查询点位于地毯边界或顶点。

2. **特殊情况测试数据**：
   - 查询点未被任何地毯覆盖。
   - 查询点被多张地毯覆盖，且地毯完全重叠、部分重叠或不重叠。
   - 地毯覆盖整个查询区域。
   - 查询点位于地毯边缘。

3. **一般情况测试数据**：
   - 随机生成的地毯和查询点，确保覆盖各种可能的组合。

4. **性能测试数据**：
   - 生成 `n = 10^4` 的地毯数据，查询点位于多个地毯覆盖区域。

通过这些测试数据的生成和测试，可以确保程序在各种情况下都能正确运行，并且能够处理大规模输入。
2025-01-16 20:36:31.122 | INFO     | __main__:chat:37 - Time taken by api: 55.15 seconds
2025-01-16 20:36:31.123 | INFO     | __main__:generate_test_cases:108 - 构造方案：以下是针对题目《[NOIP2011 提高组] 铺地毯》的测试数据构造方案。每个方案都详细描述了如何生成测试数据，并确保覆盖测试需求中提到的各种情况。

---

### 方案 1：最小输入规模（`n = 0`）
- **描述**：测试程序在没有地毯的情况下是否正确处理查询点。
- **构造方法**：
  - 输入 `n = 0`。
  - 查询点 `(x, y)` 可以是任意值，例如 `(0, 0)` 或 `(100, 100)`。
- **示例**：
  ```
  0
  0 0
  ```

===

### 方案 2：最大输入规模（`n = 10^4`）
- **描述**：测试程序在大规模输入下的性能。
- **构造方法**：
  - 输入 `n = 10^4`。
  - 每张地毯的左下角坐标 `(a, b)` 随机生成，范围为 `[0, 10^5]`。
  - 每张地毯的尺寸 `(g, k)` 随机生成，范围为 `[1, 10^5]`。
  - 查询点 `(x, y)` 随机生成，范围为 `[0, 10^5]`。
- **示例**：
  ```
  10000
  0 0 100000 100000
  50000 50000 50000 50000
  ...
  99999 99999 1 1
  50000 50000
  ```

===

### 方案 3：地毯尺寸最小（`g = 0` 或 `k = 0`）
- **描述**：测试程序在地毯尺寸为 0 的情况下是否正确处理。
- **构造方法**：
  - 输入 `n = 2`。
  - 第一张地毯的尺寸 `(g, k)` 为 `(0, 10)`，左下角坐标为 `(0, 0)`。
  - 第二张地毯的尺寸 `(g, k)` 为 `(10, 0)`，左下角坐标为 `(10, 10)`。
  - 查询点 `(x, y)` 为 `(5, 5)`。
- **示例**：
  ```
  2
  0 0 0 10
  10 10 10 0
  5 5
  ```

===

### 方案 4：地毯尺寸最大（`g = 10^5` 或 `k = 10^5`）
- **描述**：测试程序在地毯尺寸达到最大值的情况下是否正确处理。
- **构造方法**：
  - 输入 `n = 2`。
  - 第一张地毯的尺寸 `(g, k)` 为 `(10^5, 10^5)`，左下角坐标为 `(0, 0)`。
  - 第二张地毯的尺寸 `(g, k)` 为 `(10^5, 10^5)`，左下角坐标为 `(10^5, 10^5)`。
  - 查询点 `(x, y)` 为 `(50000, 50000)`。
- **示例**：
  ```
  2
  0 0 100000 100000
  100000 100000 100000 100000
  50000 50000
  ```

===

### 方案 5：查询点位于地毯边界
- **描述**：测试程序在查询点位于地毯边界的情况下是否正确处理。
- **构造方法**：
  - 输入 `n = 2`。
  - 第一张地毯的左下角坐标为 `(0, 0)`，尺寸为 `(10, 10)`。
  - 第二张地毯的左下角坐标为 `(5, 5)`，尺寸为 `(10, 10)`。
  - 查询点 `(x, y)` 为 `(5, 5)`（位于第二张地毯的左下角）。
- **示例**：
  ```
  2
  0 0 10 10
  5 5 10 10
  5 5
  ```

===

### 方案 6：查询点未被任何地毯覆盖
- **描述**：测试程序在查询点未被任何地毯覆盖的情况下是否正确返回 `-1`。
- **构造方法**：
  - 输入 `n = 2`。
  - 第一张地毯的左下角坐标为 `(0, 0)`，尺寸为 `(10, 10)`。
  - 第二张地毯的左下角坐标为 `(20, 20)`，尺寸为 `(10, 10)`。
  - 查询点 `(x, y)` 为 `(15, 15)`。
- **示例**：
  ```
  2
  0 0 10 10
  20 20 10 10
  15 15
  ```

===

### 方案 7：查询点被多张地毯覆盖
- **描述**：测试程序在查询点被多张地毯覆盖的情况下是否正确返回最上面的地毯编号。
- **构造方法**：
  - 输入 `n = 3`。
  - 第一张地毯的左下角坐标为 `(0, 0)`，尺寸为 `(10, 10)`。
  - 第二张地毯的左下角坐标为 `(5, 5)`，尺寸为 `(10, 10)`。
  - 第三张地毯的左下角坐标为 `(7, 7)`，尺寸为 `(10, 10)`。
  - 查询点 `(x, y)` 为 `(8, 8)`。
- **示例**：
  ```
  3
  0 0 10 10
  5 5 10 10
  7 7 10 10
  8 8
  ```

===

### 方案 8：地毯完全重叠
- **描述**：测试程序在多张地毯完全重叠的情况下是否正确处理覆盖顺序。
- **构造方法**：
  - 输入 `n = 3`。
  - 每张地毯的左下角坐标为 `(0, 0)`，尺寸为 `(10, 10)`。
  - 查询点 `(x, y)` 为 `(5, 5)`。
- **示例**：
  ```
  3
  0 0 10 10
  0 0 10 10
  0 0 10 10
  5 5
  ```

===

### 方案 9：地毯部分重叠
- **描述**：测试程序在多张地毯部分重叠的情况下是否正确处理覆盖顺序。
- **构造方法**：
  - 输入 `n = 3`。
  - 第一张地毯的左下角坐标为 `(0, 0)`，尺寸为 `(10, 10)`。
  - 第二张地毯的左下角坐标为 `(5, 5)`，尺寸为 `(10, 10)`。
  - 第三张地毯的左下角坐标为 `(7, 7)`，尺寸为 `(10, 10)`。
  - 查询点 `(x, y)` 为 `(6, 6)`。
- **示例**：
  ```
  3
  0 0 10 10
  5 5 10 10
  7 7 10 10
  6 6
  ```

===

### 方案 10：地毯覆盖整个查询区域
- **描述**：测试程序在某张地毯覆盖整个查询区域的情况下是否正确处理。
- **构造方法**：
  - 输入 `n = 1`。
  - 地毯的左下角坐标为 `(0, 0)`，尺寸为 `(10^5, 10^5)`。
  - 查询点 `(x, y)` 为 `(50000, 50000)`。
- **示例**：
  ```
  1
  0 0 100000 100000
  50000 50000
  ```

===

### 方案 11：随机生成的地毯和查询点
- **描述**：测试程序在随机生成的地毯和查询点的情况下是否正确处理。
- **构造方法**：
  - 输入 `n = 1000`。
  - 每张地毯的左下角坐标 `(a, b)` 随机生成，范围为 `[0, 10^5]`。
  - 每张地毯的尺寸 `(g, k)` 随机生成，范围为 `[1, 10^5]`。
  - 查询点 `(x, y)` 随机生成，范围为 `[0, 10^5]`。
- **示例**：
  ```
  1000
  12345 67890 10000 20000
  54321 98765 30000 40000
  ...
  11111 22222 50000 60000
  33333 44444
  ```

===

### 方案 12：查询点位于多个地毯覆盖区域
- **描述**：测试程序在查询点被多张地毯覆盖的情况下是否正确处理。
- **构造方法**：
  - 输入 `n = 5`。
  - 每张地毯的左下角坐标为 `(0, 0)`，尺寸为 `(10, 10)`。
  - 查询点 `(x, y)` 为 `(5, 5)`。
- **示例**：
  ```
  5
  0 0 10 10
  0 0 10 10
  0 0 10 10
  0 0 10 10
  0 0 10 10
  5 5
  ```

===

### 方案 13：地毯覆盖查询点的边缘
- **描述**：测试程序在查询点位于某张地毯边缘的情况下是否正确处理。
- **构造方法**：
  - 输入 `n = 2`。
  - 第一张地毯的左下角坐标为 `(0, 0)`，尺寸为 `(10, 10)`。
  - 第二张地毯的左下角坐标为 `(5, 5)`，尺寸为 `(10, 10)`。
  - 查询点 `(x, y)` 为 `(5, 5)`（位于第二张地毯的左下角）。
- **示例**：
  ```
  2
  0 0 10 10
  5 5 10 10
  5 5
  ```

===

### 方案 14：地毯不重叠
- **描述**：测试程序在多张地毯完全不重叠的情况下是否正确处理。
- **构造方法**：
  - 输入 `n = 3`。
  - 第一张地毯的左下角坐标为 `(0, 0)`，尺寸为 `(10, 10)`。
  - 第二张地毯的左下角坐标为 `(20, 20)`，尺寸为 `(10, 10)`。
  - 第三张地毯的左下角坐标为 `(40, 40)`，尺寸为 `(10, 10)`。
  - 查询点 `(x, y)` 为 `(5, 5)`。
- **示例**：
  ```
  3
  0 0 10 10
  20 20 10 10
  40 40 10 10
  5 5
  ```

===

### 方案 15：地毯覆盖顺序测试
- **描述**：测试程序在地毯铺设顺序正确的情况下是否正确处理。
- **构造方法**：
  - 输入 `n = 3`。
  - 第一张地毯的左下角坐标为 `(0, 0)`，尺寸为 `(10, 10)`。
  - 第二张地毯的左下角坐标为 `(5, 5)`，尺寸为 `(10, 10)`。
  - 第三张地毯的左下角坐标为 `(7, 7)`，尺寸为 `(10, 10)`。
  - 查询点 `(x, y)` 为 `(8, 8)`。
- **示例**：
  ```
  3
  0 0 10 10
  5 5 10 10
  7 7 10 10
  8 8
  ```

===

以上方案覆盖了测试需求中提到的各种情况，包括边界条件、特殊情况和一般情况。通过这些方案生成的测试数据，可以全面测试程序的正确性和性能。
2025-01-16 21:38:50.139 | INFO     | __main__:generate_test_cases:65 - start generate
2025-01-16 21:39:05.308 | INFO     | __main__:chat:38 - Time taken by api: 15.17 seconds
2025-01-16 21:39:57.924 | INFO     | __main__:chat:38 - Time taken by api: 52.61 seconds
2025-01-16 21:41:18.513 | INFO     | __main__:generate_test_cases:65 - start generate
2025-01-16 21:41:36.124 | INFO     | __main__:chat:38 - Time taken by api: 17.61 seconds
2025-01-16 21:41:36.125 | DEBUG    | __main__:generate_test_cases:85 - 测试需求：### 测试需求分析

为了确保程序能够正确处理各种情况，我们需要生成一系列测试数据来覆盖不同的边界条件、特殊情况以及一般情况。以下是针对“铺地毯”问题的测试需求总结：

1. **边界条件测试**：
   - **最小输入规模**：测试当 `n = 0` 时，程序是否能正确处理没有地毯的情况，并输出 `-1`。
   - **最小地毯数量**：测试当 `n = 1` 时，程序是否能正确处理只有一张地毯的情况。
   - **最大输入规模**：测试当 `n = 10^4` 时，程序是否能正确处理最大数量的地毯。
   - **地毯边界**：测试当点 `(x, y)` 正好位于某张地毯的边界上时，程序是否能正确识别该地毯。

2. **特殊情况测试**：
   - **点不在任何地毯上**：测试当点 `(x, y)` 不在任何地毯上时，程序是否能正确输出 `-1`。
   - **点被多张地毯覆盖**：测试当点 `(x, y)` 被多张地毯覆盖时，程序是否能正确输出最上面一张地毯的编号。
   - **地毯完全重叠**：测试当多张地毯完全重叠时，程序是否能正确输出最上面一张地毯的编号。
   - **地毯部分重叠**：测试当多张地毯部分重叠时，程序是否能正确输出最上面一张地毯的编号。
   - **地毯不重叠**：测试当多张地毯完全不重叠时，程序是否能正确输出覆盖点的地毯编号。

3. **极端情况测试**：
   - **地毯覆盖整个区域**：测试当某张地毯覆盖整个区域时，程序是否能正确处理。
   - **地毯尺寸为0**：测试当某张地毯的尺寸为 `0` 时，程序是否能正确处理（即该地毯不覆盖任何点）。
   - **地毯坐标超出范围**：测试当某张地毯的坐标超出题目规定的范围时，程序是否能正确处理。

4. **一般情况测试**：
   - **随机生成的地毯和点**：测试在随机生成的地毯和点的情况下，程序是否能正确处理并输出正确的结果。
   - **地毯顺序影响**：测试地毯铺设的顺序是否会影响最终结果，确保程序按照题目要求处理地毯的覆盖顺序。

5. **性能测试**：
   - **大规模数据测试**：测试当 `n` 接近 `10^4` 时，程序是否能在合理的时间内完成计算，确保程序的时间复杂度符合要求。

### 测试数据生成策略

根据上述测试需求，我们可以设计以下测试数据生成策略：

1. **边界条件测试数据**：
   - 生成 `n = 0` 的输入数据。
   - 生成 `n = 1` 的输入数据，并确保点 `(x, y)` 在地毯上或不在。
   - 生成 `n = 10^4` 的输入数据，确保程序能处理最大规模的数据。

2. **特殊情况测试数据**：
   - 生成点 `(x, y)` 不在任何地毯上的数据。
   - 生成点 `(x, y)` 被多张地毯覆盖的数据。
   - 生成多张地毯完全重叠的数据。
   - 生成多张地毯部分重叠的数据。
   - 生成多张地毯完全不重叠的数据。

3. **极端情况测试数据**：
   - 生成某张地毯覆盖整个区域的数据。
   - 生成某张地毯尺寸为 `0` 的数据。
   - 生成某张地毯坐标超出范围的数据。

4. **一般情况测试数据**：
   - 随机生成多张地毯和点 `(x, y)`，确保覆盖各种可能的情况。

5. **性能测试数据**：
   - 生成 `n = 10^4` 的输入数据，确保程序能在合理的时间内完成计算。

通过以上测试需求和测试数据生成策略，可以确保程序在各种情况下都能正确运行，并且能够处理边界条件和极端情况。
2025-01-16 21:42:48.675 | INFO     | __main__:chat:38 - Time taken by api: 72.54 seconds
2025-01-16 21:42:48.676 | DEBUG    | __main__:generate_test_cases:118 - 构造方案：以下是针对“铺地毯”问题的详细测试数据构造方案，确保覆盖各种边界条件、特殊情况和一般情况。每个方案都尽可能详细，并确保数据规模尽可能大。

=====================

### 方案 1：最大输入规模（`n = 10^4`）
- **描述**：测试程序在大规模输入下的性能。
- **构造方法**：
  - 输入 `n = 10^4`。
  - 每张地毯的左下角坐标 `(a, b)` 随机生成，范围为 `[0, 10^5]`。
  - 每张地毯的尺寸 `(g, k)` 随机生成，范围为 `[1, 10^5]`。
  - 查询点 `(x, y)` 随机生成，范围为 `[0, 10^5]`。
- **示例**：
  ```
  10000
  0 0 100000 100000
  50000 50000 50000 50000
  ...
  99999 99999 1 1
  50000 50000
  ```

=====================

### 方案 2：地毯尺寸最大（`g = 10^5` 或 `k = 10^5`）
- **描述**：测试程序在地毯尺寸达到最大值的情况下是否正确处理。
- **构造方法**：
  - 输入 `n = 10^4`。
  - 第一张地毯的尺寸 `(g, k)` 为 `(10^5, 10^5)`，左下角坐标为 `(0, 0)`。
  - 第二张地毯的尺寸 `(g, k)` 为 `(10^5, 10^5)`，左下角坐标为 `(10^5, 10^5)`。
  - 查询点 `(x, y)` 为 `(50000, 50000)`。
- **示例**：
  ```
  10000
  0 0 100000 100000
  ...
  100000 100000 100000 100000
  50000 50000
  ```

=====================

### 方案 3：查询点位于地毯边界
- **描述**：测试程序在查询点位于地毯边界的情况下是否正确处理。
- **构造方法**：
  - 输入 `n = 10^4`。
  - 第一张地毯的左下角坐标为 `(0, 0)`，尺寸为 `(10, 10)`。
  - 第二张地毯的左下角坐标为 `(5, 5)`，尺寸为 `(10, 10)`。
  - 查询点 `(x, y)` 为 `(5, 5)`（位于第二张地毯的左下角）。
- **示例**：
  ```
  10000
  0 0 10 10
  ...
  5 5 10 10
  5 5
  ```

=====================

### 方案 4：查询点未被任何地毯覆盖
- **描述**：测试程序在查询点未被任何地毯覆盖的情况下是否正确返回 `-1`。
- **构造方法**：
  - 输入 `n = 10^4`。
  - 第一张地毯的左下角坐标为 `(0, 0)`，尺寸为 `(10, 10)`。
  - 第二张地毯的左下角坐标为 `(20, 20)`，尺寸为 `(10, 10)`。
  - 查询点 `(x, y)` 为 `(15, 15)`。
- **示例**：
  ```
  10000
  0 0 10 10
  ...
  20 20 10 10
  15 15
  ```

=====================

### 方案 5：查询点被多张地毯覆盖
- **描述**：测试程序在查询点被多张地毯覆盖的情况下是否正确返回最上面的地毯编号。
- **构造方法**：
  - 输入 `n = 10^4`。
  - 第一张地毯的左下角坐标为 `(0, 0)`，尺寸为 `(10, 10)`。
  - 第二张地毯的左下角坐标为 `(5, 5)`，尺寸为 `(10, 10)`。
  - 第三张地毯的左下角坐标为 `(7, 7)`，尺寸为 `(10, 10)`。
  - 查询点 `(x, y)` 为 `(8, 8)`。
- **示例**：
  ```
  10000
  0 0 10 10
  5 5 10 10
  7 7 10 10
  ...
  8 8
  ```

=====================

### 方案 6：地毯完全重叠
- **描述**：测试程序在多张地毯完全重叠的情况下是否正确处理覆盖顺序。
- **构造方法**：
  - 输入 `n = 10^4`。
  - 每张地毯的左下角坐标为 `(0, 0)`，尺寸为 `(10, 10)`。
  - 查询点 `(x, y)` 为 `(5, 5)`。
- **示例**：
  ```
  10000
  0 0 10 10
  0 0 10 10
  0 0 10 10
  ...
  5 5
  ```

=====================

### 方案 7：地毯覆盖整个查询区域
- **描述**：测试程序在某张地毯覆盖整个查询区域的情况下是否正确处理。
- **构造方法**：
  - 输入 `n = 1`。
  - 地毯的左下角坐标为 `(0, 0)`，尺寸为 `(10^5, 10^5)`。
  - 查询点 `(x, y)` 为 `(50000, 50000)`。
- **示例**：
  ```
  1
  0 0 100000 100000
  50000 50000
  ```

=====================

### 方案 8：随机生成的地毯和查询点
- **描述**：测试程序在随机生成的地毯和查询点的情况下是否正确处理。
- **构造方法**：
  - 输入 `n = 1000`。
  - 每张地毯的左下角坐标 `(a, b)` 随机生成，范围为 `[0, 10^5]`。
  - 每张地毯的尺寸 `(g, k)` 随机生成，范围为 `[1, 10^5]`。
  - 查询点 `(x, y)` 随机生成，范围为 `[0, 10^5]`。
- **示例**：
  ```
  1000
  12345 67890 10000 20000
  54321 98765 30000 40000
  ...
  11111 22222 50000 60000
  33333 44444
  ```

=====================

### 方案 9：地毯覆盖查询点的边缘
- **描述**：测试程序在查询点位于某张地毯边缘的情况下是否正确处理。
- **构造方法**：
  - 输入 `n = 2`。
  - 第一张地毯的左下角坐标为 `(0, 0)`，尺寸为 `(10, 10)`。
  - 第二张地毯的左下角坐标为 `(5, 5)`，尺寸为 `(10, 10)`。
  - 查询点 `(x, y)` 为 `(5, 5)`（位于第二张地毯的左下角）。
- **示例**：
  ```
  2
  0 0 10 10
  5 5 10 10
  5 5
  ```

=====================

### 方案 10：地毯不重叠
- **描述**：测试程序在多张地毯完全不重叠的情况下是否正确处理。
- **构造方法**：
  - 输入 `n = 3`。
  - 第一张地毯的左下角坐标为 `(0, 0)`，尺寸为 `(10, 10)`。
  - 第二张地毯的左下角坐标为 `(20, 20)`，尺寸为 `(10, 10)`。
  - 第三张地毯的左下角坐标为 `(40, 40)`，尺寸为 `(10, 10)`。
  - 查询点 `(x, y)` 为 `(5, 5)`。
- **示例**：
  ```
  3
  0 0 10 10
  20 20 10 10
  40 40 10 10
  5 5
  ```

=====================

### 方案 11：地毯覆盖顺序测试
- **描述**：测试程序在地毯铺设顺序正确的情况下是否正确处理。
- **构造方法**：
  - 输入 `n = 3`。
  - 第一张地毯的左下角坐标为 `(0, 0)`，尺寸为 `(10, 10)`。
  - 第二张地毯的左下角坐标为 `(5, 5)`，尺寸为 `(10, 10)`。
  - 第三张地毯的左下角坐标为 `(7, 7)`，尺寸为 `(10, 10)`。
  - 查询点 `(x, y)` 为 `(8, 8)`。
- **示例**：
  ```
  3
  0 0 10 10
  5 5 10 10
  7 7 10 10
  8 8
  ```

=====================

### 方案 12：地毯尺寸为0
- **描述**：测试程序在地毯尺寸为0的情况下是否正确处理。
- **构造方法**：
  - 输入 `n = 2`。
  - 第一张地毯的左下角坐标为 `(0, 0)`，尺寸为 `(0, 0)`。
  - 第二张地毯的左下角坐标为 `(5, 5)`，尺寸为 `(10, 10)`。
  - 查询点 `(x, y)` 为 `(5, 5)`。
- **示例**：
  ```
  2
  0 0 0 0
  5 5 10 10
  5 5
  ```

=====================

### 方案 13：地毯坐标超出范围
- **描述**：测试程序在地毯坐标超出范围的情况下是否正确处理。
- **构造方法**：
  - 输入 `n = 2`。
  - 第一张地毯的左下角坐标为 `(10^5 + 1, 10^5 + 1)`，尺寸为 `(10, 10)`。
  - 第二张地毯的左下角坐标为 `(5, 5)`，尺寸为 `(10, 10)`。
  - 查询点 `(x, y)` 为 `(5, 5)`。
- **示例**：
  ```
  2
  100001 100001 10 10
  5 5 10 10
  5 5
  ```

=====================

### 方案 14：查询点位于地毯顶点
- **描述**：测试程序在查询点位于某张地毯顶点的情况下是否正确处理。
- **构造方法**：
  - 输入 `n = 2`。
  - 第一张地毯的左下角坐标为 `(0, 0)`，尺寸为 `(10, 10)`。
  - 第二张地毯的左下角坐标为 `(5, 5)`，尺寸为 `(10, 10)`。
  - 查询点 `(x, y)` 为 `(5, 15)`（位于第二张地毯的右上角）。
- **示例**：
  ```
  2
  0 0 10 10
  5 5 10 10
  5 15
  ```

=====================

### 方案 15：地毯覆盖查询点的多个边界
- **描述**：测试程序在查询点位于多张地毯边界的情况下是否正确处理。
- **构造方法**：
  - 输入 `n = 3`。
  - 第一张地毯的左下角坐标为 `(0, 0)`，尺寸为 `(10, 10)`。
  - 第二张地毯的左下角坐标为 `(5, 5)`，尺寸为 `(10, 10)`。
  - 第三张地毯的左下角坐标为 `(7, 7)`，尺寸为 `(10, 10)`。
  - 查询点 `(x, y)` 为 `(5, 5)`（位于第二张地毯的左下角和第三张地毯的左上角）。
- **示例**：
  ```
  3
  0 0 10 10
  5 5 10 10
  7 7 10 10
  5 5
  ```

=====================

### 方案 16：地毯覆盖查询点的多个顶点
- **描述**：测试程序在查询点位于多张地毯顶点的情况下是否正确处理。
- **构造方法**：
  - 输入 `n = 3`。
  - 第一张地毯的左下角坐标为 `(0, 0)`，尺寸为 `(10, 10)`。
  - 第二张地毯的左下角坐标为 `(5, 5)`，尺寸为 `(10, 10)`。
  - 第三张地毯的左下角坐标为 `(7, 7)`，尺寸为 `(10, 10)`。
  - 查询点 `(x, y)` 为 `(5, 15)`（位于第二张地毯的右上角和第三张地毯的左上角）。
- **示例**：
  ```
  3
  0 0 10 10
  5 5 10 10
  7 7 10 10
  5 15
  ```

=====================

### 方案 17：地毯覆盖查询点的多个边界和顶点
- **描述**：测试程序在查询点位于多张地毯边界和顶点的情况下是否正确处理。
- **构造方法**：
  - 输入 `n = 3`。
  - 第一张地毯的左下角坐标为 `(0, 0)`，尺寸为 `(10, 10)`。
  - 第二张地毯的左下角坐标为 `(5, 5)`，尺寸为 `(10, 10)`。
  - 第三张地毯的左下角坐标为 `(7, 7)`，尺寸为 `(10, 10)`。
  - 查询点 `(x, y)` 为 `(5, 5)`（位于第二张地毯的左下角和第三张地毯的左上角）。
- **示例**：
  ```
  3
  0 0 10 10
  5 5 10 10
  7 7 10 10
  5 5
  ```

=====================

### 方案 18：地毯覆盖查询点的多个边界和顶点
- **描述**：测试程序在查询点位于多张地毯边界和顶点的情况下是否正确处理。
- **构造方法**：
  - 输入 `n = 3`。
  - 第一张地毯的左下角坐标为 `(0, 0)`，尺寸为 `(10, 10)`。
  - 第二张地毯的左下角坐标为 `(5, 5)`，尺寸为 `(10, 10)`。
  - 第三张地毯的左下角坐标为 `(7, 7)`，尺寸为 `(10, 10)`。
  - 查询点 `(x, y)` 为 `(5, 15)`（位于第二张地毯的右上角和第三张地毯的左上角）。
- **示例**：
  ```
  3
  0 0 10 10
  5 5 10 10
  7 7 10 10
  5 15
  ```

=====================

### 方案 19：地毯覆盖查询点的多个边界和顶点
- **描述**：测试程序在查询点位于多张地毯边界和顶点的情况下是否正确处理。
- **构造方法**：
  - 输入 `n = 3`。
  - 第一张地毯的左下角坐标为 `(0, 0)`，尺寸为 `(10, 10)`。
  - 第二张地毯的左下角坐标为 `(5, 5)`，尺寸为 `(10, 10)`。
  - 第三张地毯的左下角坐标为 `(7, 7)`，尺寸为 `(10, 10)`。
  - 查询点 `(x, y)` 为 `(5, 5)`（位于第二张地毯的左下角和第三张地毯的左上角）。
- **示例**：
  ```
  3
  0 0 10 10
  5 5 10 10
  7 7 10 10
  5 5
  ```

=====================

### 方案 20：地毯覆盖查询点的多个边界和顶点
- **描述**：测试程序在查询点位于多张地毯边界和顶点的情况下是否正确处理。
- **构造方法**：
  - 输入 `n = 3`。
  - 第一张地毯的左下角坐标为 `(0, 0)`，尺寸为 `(10, 10)`。
  - 第二张地毯的左下角坐标为 `(5, 5)`，尺寸为 `(10, 10)`。
  - 第三张地毯的左下角坐标为 `(7, 7)`，尺寸为 `(10, 10)`。
  - 查询点 `(x, y)` 为 `(5, 15)`（位于第二张地毯的右上角和第三张地毯的左上角）。
- **示例**：
  ```
  3
  0 0 10 10
  5 5 10 10
  7 7 10 10
  5 15
  ```

=====================

这些方案覆盖了各种边界条件、特殊情况和一般情况，确保程序在不同情况下都能正确运行。
